Using pre-set license
Built from '2020.3/staging' branch; Version is '2020.3.3f1 (76626098c1c4) revision 7758432'; Using compiler version '192528614'; Build Type 'Release'
OS: 'Windows 10 Home; OS build 19042.928; Version 2009; 64bit' Language: 'en' Physical Memory: 16324 MB
BatchMode: 1, IsHumanControllingUs: 0, StartBugReporterOnCrash: 0, Is64bit: 1, IsPro: 0

 COMMAND LINE ARGUMENTS:
C:\Program Files\Unity\Hub\Editor\2020.3.3f1\Editor\Unity.exe
-adb2
-batchMode
-noUpm
-name
AssetImportWorker1
-projectPath
F:/School_Projects/Ludum48/LudumDare48
-logFile
Logs/AssetImportWorker1.log
-srvPort
50176
Successfully changed project path to: F:/School_Projects/Ludum48/LudumDare48
F:/School_Projects/Ludum48/LudumDare48
Using Asset Import Pipeline V2.
Refreshing native plugins compatible for Editor in 47.39 ms, found 1 plugins.
Preloading 0 native plugins for Editor in 0.00 ms.
Initialize engine version: 2020.3.3f1 (76626098c1c4)
[Subsystems] Discovering subsystems at path C:/Program Files/Unity/Hub/Editor/2020.3.3f1/Editor/Data/Resources/UnitySubsystems
[Subsystems] Discovering subsystems at path F:/School_Projects/Ludum48/LudumDare48/Assets
GfxDevice: creating device client; threaded=0
Direct3D:
    Version:  Direct3D 11.0 [level 11.1]
    Renderer: NVIDIA GeForce GTX 1060 6GB (ID=0x1c03)
    Vendor:   
    VRAM:     6052 MB
    Driver:   27.21.14.6611
Initialize mono
Mono path[0] = 'C:/Program Files/Unity/Hub/Editor/2020.3.3f1/Editor/Data/Managed'
Mono path[1] = 'C:/Program Files/Unity/Hub/Editor/2020.3.3f1/Editor/Data/MonoBleedingEdge/lib/mono/unityjit'
Mono config path = 'C:/Program Files/Unity/Hub/Editor/2020.3.3f1/Editor/Data/MonoBleedingEdge/etc'
Using monoOptions --debugger-agent=transport=dt_socket,embedding=1,server=y,suspend=n,address=127.0.0.1:56968
Begin MonoManager ReloadAssembly
Registering precompiled unity dll's ...
Register platform support module: C:/Program Files/Unity/Hub/Editor/2020.3.3f1/Editor/Data/PlaybackEngines/WebGLSupport/UnityEditor.WebGL.Extensions.dll
Register platform support module: C:/Program Files/Unity/Hub/Editor/2020.3.3f1/Editor/Data/PlaybackEngines/WindowsStandaloneSupport/UnityEditor.WindowsStandalone.Extensions.dll
Registered in 0.003862 seconds.
Native extension for WindowsStandalone target not found
Native extension for WebGL target not found
Refreshing native plugins compatible for Editor in 46.68 ms, found 1 plugins.
Preloading 0 native plugins for Editor in 0.00 ms.
Invoked RoslynAnalysisRunner static constructor.
RoslynAnalysisRunner will not be running.
RoslynAnalysisRunner has terminated.
Mono: successfully reloaded assembly
- Completed reload, in  1.404 seconds
Platform modules already initialized, skipping
Registering precompiled user dll's ...
Registered in 0.001710 seconds.
Begin MonoManager ReloadAssembly
Native extension for WindowsStandalone target not found
Native extension for WebGL target not found
Refreshing native plugins compatible for Editor in 54.71 ms, found 1 plugins.
Preloading 0 native plugins for Editor in 0.00 ms.
Invoked RoslynAnalysisRunner static constructor.
RoslynAnalysisRunner will not be running.
RoslynAnalysisRunner has terminated.
Mono: successfully reloaded assembly
- Completed reload, in  1.609 seconds
Platform modules already initialized, skipping
========================================================================
Worker process is ready to serve import requests
Launched and connected shader compiler UnityShaderCompiler.exe after 0.08 seconds
Refreshing native plugins compatible for Editor in 0.35 ms, found 1 plugins.
Preloading 0 native plugins for Editor in 0.00 ms.
Unloading 1827 Unused Serialized files (Serialized files now loaded: 0)
System memory in use before: 87.5 MB.
System memory in use after: 87.5 MB.

Unloading 21 unused Assets to reduce memory usage. Loaded Objects now: 2275.
Total: 2.306700 ms (FindLiveObjects: 0.191200 ms CreateObjectMapping: 0.113400 ms MarkObjects: 1.884900 ms  DeleteObjects: 0.115300 ms)

========================================================================
Received Import Request.
  path: Assets/Graph/OctopusRainbow.png
  artifactKey: Guid(da0d81c05d0536141a94d72dea67c550) Importer(815301076,1909f56bfc062723c751e8b465ee728b)
Start importing Assets/Graph/OctopusRainbow.png using Guid(da0d81c05d0536141a94d72dea67c550) Importer(815301076,1909f56bfc062723c751e8b465ee728b)  -> (artifact id: 'fe8c9388fb7ae7207b615aee41e3626e') in 0.193003 seconds
  Import took 0.210181 seconds .

========================================================================
Received Import Request.
  Time since last request: 16.430250 seconds.
  path: Assets/Graph/OctopusRainbow.png
  artifactKey: Guid(da0d81c05d0536141a94d72dea67c550) Importer(815301076,1909f56bfc062723c751e8b465ee728b)
Start importing Assets/Graph/OctopusRainbow.png using Guid(da0d81c05d0536141a94d72dea67c550) Importer(815301076,1909f56bfc062723c751e8b465ee728b)  -> (artifact id: '6043f3c4187ff306bceb93cb126b0e06') in 0.041629 seconds
  Import took 0.052851 seconds .

========================================================================
Received Prepare
Registering precompiled user dll's ...
Registered in 0.001239 seconds.
Begin MonoManager ReloadAssembly
Native extension for WindowsStandalone target not found
Native extension for WebGL target not found
Refreshing native plugins compatible for Editor in 0.35 ms, found 1 plugins.
Preloading 0 native plugins for Editor in 0.00 ms.
Invoked RoslynAnalysisRunner static constructor.
RoslynAnalysisRunner will not be running.
RoslynAnalysisRunner has terminated.
Mono: successfully reloaded assembly
- Completed reload, in  0.992 seconds
Platform modules already initialized, skipping
Refreshing native plugins compatible for Editor in 0.39 ms, found 1 plugins.
Preloading 0 native plugins for Editor in 0.00 ms.
Unloading 1806 Unused Serialized files (Serialized files now loaded: 0)
System memory in use before: 89.0 MB.
System memory in use after: 89.0 MB.

Unloading 9 unused Assets to reduce memory usage. Loaded Objects now: 2287.
Total: 1.976400 ms (FindLiveObjects: 0.210500 ms CreateObjectMapping: 0.068100 ms MarkObjects: 1.626400 ms  DeleteObjects: 0.070000 ms)

========================================================================
Received Prepare
Registering precompiled user dll's ...
Registered in 0.001265 seconds.
Begin MonoManager ReloadAssembly
Native extension for WindowsStandalone target not found
Native extension for WebGL target not found
Refreshing native plugins compatible for Editor in 0.49 ms, found 1 plugins.
Preloading 0 native plugins for Editor in 0.00 ms.
Invoked RoslynAnalysisRunner static constructor.
RoslynAnalysisRunner will not be running.
RoslynAnalysisRunner has terminated.
Mono: successfully reloaded assembly
- Completed reload, in  1.210 seconds
Platform modules already initialized, skipping
Refreshing native plugins compatible for Editor in 0.39 ms, found 1 plugins.
Preloading 0 native plugins for Editor in 0.00 ms.
Unloading 1806 Unused Serialized files (Serialized files now loaded: 0)
System memory in use before: 89.0 MB.
System memory in use after: 89.1 MB.

Unloading 9 unused Assets to reduce memory usage. Loaded Objects now: 2291.
Total: 2.109200 ms (FindLiveObjects: 0.209400 ms CreateObjectMapping: 0.088100 ms MarkObjects: 1.705900 ms  DeleteObjects: 0.104400 ms)

========================================================================
Received Prepare
Registering precompiled user dll's ...
Registered in 0.001309 seconds.
Begin MonoManager ReloadAssembly
Native extension for WindowsStandalone target not found
Native extension for WebGL target not found
Refreshing native plugins compatible for Editor in 0.38 ms, found 1 plugins.
Preloading 0 native plugins for Editor in 0.00 ms.
Invoked RoslynAnalysisRunner static constructor.
RoslynAnalysisRunner will not be running.
RoslynAnalysisRunner has terminated.
Mono: successfully reloaded assembly
- Completed reload, in  0.947 seconds
Platform modules already initialized, skipping
Refreshing native plugins compatible for Editor in 0.36 ms, found 1 plugins.
Preloading 0 native plugins for Editor in 0.00 ms.
Unloading 1806 Unused Serialized files (Serialized files now loaded: 0)
System memory in use before: 89.0 MB.
System memory in use after: 89.1 MB.

Unloading 9 unused Assets to reduce memory usage. Loaded Objects now: 2295.
Total: 2.045600 ms (FindLiveObjects: 0.169400 ms CreateObjectMapping: 0.065200 ms MarkObjects: 1.708500 ms  DeleteObjects: 0.101000 ms)

========================================================================
Received Prepare
Registering precompiled user dll's ...
Registered in 0.001236 seconds.
Begin MonoManager ReloadAssembly
Native extension for WindowsStandalone target not found
Native extension for WebGL target not found
Refreshing native plugins compatible for Editor in 0.35 ms, found 1 plugins.
Preloading 0 native plugins for Editor in 0.00 ms.
Invoked RoslynAnalysisRunner static constructor.
RoslynAnalysisRunner will not be running.
RoslynAnalysisRunner has terminated.
Mono: successfully reloaded assembly
- Completed reload, in  0.985 seconds
Platform modules already initialized, skipping
Refreshing native plugins compatible for Editor in 0.37 ms, found 1 plugins.
Preloading 0 native plugins for Editor in 0.00 ms.
Unloading 1806 Unused Serialized files (Serialized files now loaded: 0)
System memory in use before: 89.0 MB.
System memory in use after: 89.1 MB.

Unloading 9 unused Assets to reduce memory usage. Loaded Objects now: 2299.
Total: 1.985000 ms (FindLiveObjects: 0.211900 ms CreateObjectMapping: 0.100300 ms MarkObjects: 1.564300 ms  DeleteObjects: 0.107000 ms)

========================================================================
Received Import Request.
  Time since last request: 4996.108017 seconds.
  path: Assets/Graph/BackgroundRocks.png
  artifactKey: Guid(b5e7e6f6f9301324ba5c15f44002eb3f) Importer(815301076,1909f56bfc062723c751e8b465ee728b)
Start importing Assets/Graph/BackgroundRocks.png using Guid(b5e7e6f6f9301324ba5c15f44002eb3f) Importer(815301076,1909f56bfc062723c751e8b465ee728b)  -> (artifact id: 'ab3a0a1aa85a5f3fb609ff09dcd5abb9') in 0.297745 seconds
  Import took 0.415318 seconds .

========================================================================
Received Import Request.
  Time since last request: 4.473410 seconds.
  path: Assets/Prefab/StarFish.prefab
  artifactKey: Guid(6743f39f42097c54c97da3611af19da3) Importer(815301076,1909f56bfc062723c751e8b465ee728b)
Start importing Assets/Prefab/StarFish.prefab using Guid(6743f39f42097c54c97da3611af19da3) Importer(815301076,1909f56bfc062723c751e8b465ee728b)  -> (artifact id: '7dc989a2fba206e3aeb7eb7ec3336c61') in 0.075262 seconds
  Import took 0.097535 seconds .

========================================================================
Received Import Request.
  Time since last request: 0.634576 seconds.
  path: Assets/Scenes
  artifactKey: Guid(d5927820224defc4f9e65c9192bb5a18) Importer(815301076,1909f56bfc062723c751e8b465ee728b)
Start importing Assets/Scenes using Guid(d5927820224defc4f9e65c9192bb5a18) Importer(815301076,1909f56bfc062723c751e8b465ee728b)  -> (artifact id: '982247d858fc48d9203142520a8b496c') in 0.007438 seconds
  Import took 0.023033 seconds .

========================================================================
Received Import Request.
  Time since last request: 7.448496 seconds.
  path: Assets/Scenes/MainMenu.unity
  artifactKey: Guid(7f7f3a9a5670d1c45875adc3b68f132c) Importer(815301076,1909f56bfc062723c751e8b465ee728b)
Start importing Assets/Scenes/MainMenu.unity using Guid(7f7f3a9a5670d1c45875adc3b68f132c) Importer(815301076,1909f56bfc062723c751e8b465ee728b)  -> (artifact id: '3d7f1443c9233ceab028b455a3526c6c') in 0.007136 seconds
  Import took 0.055013 seconds .

========================================================================
Received Import Request.
  Time since last request: 193.630034 seconds.
  path: Assets/Graph/BackgroundRocks.png
  artifactKey: Guid(b5e7e6f6f9301324ba5c15f44002eb3f) Importer(815301076,1909f56bfc062723c751e8b465ee728b)
Start importing Assets/Graph/BackgroundRocks.png using Guid(b5e7e6f6f9301324ba5c15f44002eb3f) Importer(815301076,1909f56bfc062723c751e8b465ee728b)  -> (artifact id: '92b9ee4bae4a1dbbd1e2a35e298f8412') in 0.047373 seconds
  Import took 0.059916 seconds .

========================================================================
Received Import Request.
  Time since last request: 0.002845 seconds.
  path: Assets/Graph/OctopusMainMenu.png
  artifactKey: Guid(58e4b8a6b8a72c043b487b2485de0d9d) Importer(815301076,1909f56bfc062723c751e8b465ee728b)
Start importing Assets/Graph/OctopusMainMenu.png using Guid(58e4b8a6b8a72c043b487b2485de0d9d) Importer(815301076,1909f56bfc062723c751e8b465ee728b)  -> (artifact id: '5498b7f79c996a96f2378418f008c1fd') in 0.037622 seconds
  Import took 0.069865 seconds .

========================================================================
Received Import Request.
  Time since last request: 0.000738 seconds.
  path: Assets/Graph/BackgroundRocks.png
  artifactKey: Guid(b5e7e6f6f9301324ba5c15f44002eb3f) Importer(815301076,1909f56bfc062723c751e8b465ee728b)
Start importing Assets/Graph/BackgroundRocks.png using Guid(b5e7e6f6f9301324ba5c15f44002eb3f) Importer(815301076,1909f56bfc062723c751e8b465ee728b)  -> (artifact id: '92b9ee4bae4a1dbbd1e2a35e298f8412') in 0.029543 seconds
  Import took 0.041694 seconds .

========================================================================
Received Import Request.
  Time since last request: 0.002155 seconds.
  path: Assets/Graph/OctopusMainMenu.png
  artifactKey: Guid(58e4b8a6b8a72c043b487b2485de0d9d) Importer(815301076,1909f56bfc062723c751e8b465ee728b)
Start importing Assets/Graph/OctopusMainMenu.png using Guid(58e4b8a6b8a72c043b487b2485de0d9d) Importer(815301076,1909f56bfc062723c751e8b465ee728b)  -> (artifact id: '5498b7f79c996a96f2378418f008c1fd') in 0.032022 seconds
  Import took 0.044980 seconds .

========================================================================
Received Import Request.
  Time since last request: 440.740425 seconds.
  path: Assets/Scripts/GameManager.cs
  artifactKey: Guid(ae0559ea86740594eab680144fd33afc) Importer(815301076,1909f56bfc062723c751e8b465ee728b)
Start importing Assets/Scripts/GameManager.cs using Guid(ae0559ea86740594eab680144fd33afc) Importer(815301076,1909f56bfc062723c751e8b465ee728b)  -> (artifact id: 'e03fbaf5a30966fc23b4ba194c47d9a5') in 0.034749 seconds
  Import took 0.054815 seconds .

========================================================================
Received Prepare
Registering precompiled user dll's ...
Registered in 0.002285 seconds.
Begin MonoManager ReloadAssembly
Native extension for WindowsStandalone target not found
Native extension for WebGL target not found
Refreshing native plugins compatible for Editor in 0.48 ms, found 1 plugins.
Preloading 0 native plugins for Editor in 0.00 ms.
Invoked RoslynAnalysisRunner static constructor.
RoslynAnalysisRunner will not be running.
RoslynAnalysisRunner has terminated.
Mono: successfully reloaded assembly
- Completed reload, in  1.802 seconds
Platform modules already initialized, skipping
Refreshing native plugins compatible for Editor in 0.41 ms, found 1 plugins.
Preloading 0 native plugins for Editor in 0.00 ms.
Unloading 1807 Unused Serialized files (Serialized files now loaded: 0)
System memory in use before: 89.1 MB.
System memory in use after: 89.2 MB.

Unloading 9 unused Assets to reduce memory usage. Loaded Objects now: 2310.
Total: 2.155500 ms (FindLiveObjects: 0.227200 ms CreateObjectMapping: 0.146300 ms MarkObjects: 1.701100 ms  DeleteObjects: 0.079300 ms)

========================================================================
Received Prepare
Registering precompiled user dll's ...
Registered in 0.001245 seconds.
Begin MonoManager ReloadAssembly
Native extension for WindowsStandalone target not found
Native extension for WebGL target not found
Refreshing native plugins compatible for Editor in 0.44 ms, found 1 plugins.
Preloading 0 native plugins for Editor in 0.00 ms.
Invoked RoslynAnalysisRunner static constructor.
RoslynAnalysisRunner will not be running.
RoslynAnalysisRunner has terminated.
Mono: successfully reloaded assembly
- Completed reload, in  1.053 seconds
Platform modules already initialized, skipping
Refreshing native plugins compatible for Editor in 0.67 ms, found 1 plugins.
Preloading 0 native plugins for Editor in 0.00 ms.
Unloading 1807 Unused Serialized files (Serialized files now loaded: 0)
System memory in use before: 89.1 MB.
System memory in use after: 89.2 MB.

Unloading 9 unused Assets to reduce memory usage. Loaded Objects now: 2314.
Total: 3.775800 ms (FindLiveObjects: 0.346700 ms CreateObjectMapping: 0.095600 ms MarkObjects: 3.248000 ms  DeleteObjects: 0.083600 ms)

========================================================================
Received Import Request.
  Time since last request: 141.194963 seconds.
  path: Assets/Scripts/GameManager.cs
  artifactKey: Guid(ae0559ea86740594eab680144fd33afc) Importer(815301076,1909f56bfc062723c751e8b465ee728b)
Start importing Assets/Scripts/GameManager.cs using Guid(ae0559ea86740594eab680144fd33afc) Importer(815301076,1909f56bfc062723c751e8b465ee728b)  -> (artifact id: '1ffca26463632dbe55dbbb22bba59e04') in 0.014672 seconds
  Import took 0.024290 seconds .

========================================================================
Received Import Request.
  Time since last request: 921.944534 seconds.
  path: Assets/Graph/title.png
  artifactKey: Guid(8ba9ea569e627e94daee2ec10c696608) Importer(815301076,1909f56bfc062723c751e8b465ee728b)
Start importing Assets/Graph/title.png using Guid(8ba9ea569e627e94daee2ec10c696608) Importer(815301076,1909f56bfc062723c751e8b465ee728b)  -> (artifact id: 'f78894c3e880a1ae04c6f17a868f27f5') in 0.099779 seconds
  Import took 0.137476 seconds .

========================================================================
Received Import Request.
  Time since last request: 0.005261 seconds.
  path: Assets/Graph/title.png
  artifactKey: Guid(8ba9ea569e627e94daee2ec10c696608) Importer(815301076,1909f56bfc062723c751e8b465ee728b)
Start importing Assets/Graph/title.png using Guid(8ba9ea569e627e94daee2ec10c696608) Importer(815301076,1909f56bfc062723c751e8b465ee728b)  -> (artifact id: 'f78894c3e880a1ae04c6f17a868f27f5') in 0.042487 seconds
  Import took 0.054375 seconds .

========================================================================
Received Prepare
Registering precompiled user dll's ...
Registered in 0.001339 seconds.
Begin MonoManager ReloadAssembly
Native extension for WindowsStandalone target not found
Native extension for WebGL target not found
Refreshing native plugins compatible for Editor in 0.60 ms, found 1 plugins.
Preloading 0 native plugins for Editor in 0.00 ms.
Invoked RoslynAnalysisRunner static constructor.
RoslynAnalysisRunner will not be running.
RoslynAnalysisRunner has terminated.
Mono: successfully reloaded assembly
- Completed reload, in  1.090 seconds
Platform modules already initialized, skipping
Refreshing native plugins compatible for Editor in 0.42 ms, found 1 plugins.
Preloading 0 native plugins for Editor in 0.00 ms.
Unloading 1807 Unused Serialized files (Serialized files now loaded: 0)
System memory in use before: 89.1 MB.
System memory in use after: 89.2 MB.

Unloading 9 unused Assets to reduce memory usage. Loaded Objects now: 2321.
Total: 5.231400 ms (FindLiveObjects: 1.502600 ms CreateObjectMapping: 0.159800 ms MarkObjects: 3.482800 ms  DeleteObjects: 0.084600 ms)

========================================================================
Received Prepare
Registering precompiled user dll's ...
Registered in 0.001312 seconds.
Begin MonoManager ReloadAssembly
Native extension for WindowsStandalone target not found
Native extension for WebGL target not found
Refreshing native plugins compatible for Editor in 0.44 ms, found 1 plugins.
Preloading 0 native plugins for Editor in 0.00 ms.
Invoked RoslynAnalysisRunner static constructor.
RoslynAnalysisRunner will not be running.
RoslynAnalysisRunner has terminated.
Mono: successfully reloaded assembly
- Completed reload, in  1.024 seconds
Platform modules already initialized, skipping
Refreshing native plugins compatible for Editor in 0.44 ms, found 1 plugins.
Preloading 0 native plugins for Editor in 0.00 ms.
Unloading 1807 Unused Serialized files (Serialized files now loaded: 0)
System memory in use before: 89.1 MB.
System memory in use after: 89.2 MB.

Unloading 9 unused Assets to reduce memory usage. Loaded Objects now: 2325.
Total: 2.427900 ms (FindLiveObjects: 0.280200 ms CreateObjectMapping: 0.135100 ms MarkObjects: 1.917900 ms  DeleteObjects: 0.092900 ms)

========================================================================
Received Import Request.
  Time since last request: 1131.346648 seconds.
  path: Assets/Graph/mouse.png
  artifactKey: Guid(948c7138a40eb9c4c898f7950a5d8b45) Importer(815301076,1909f56bfc062723c751e8b465ee728b)
Start importing Assets/Graph/mouse.png using Guid(948c7138a40eb9c4c898f7950a5d8b45) Importer(815301076,1909f56bfc062723c751e8b465ee728b)  -> (artifact id: '929c7805efb1d5642f1d34f0e9a2b81f') in 0.107894 seconds
  Import took 0.117280 seconds .

========================================================================
Received Import Request.
  Time since last request: 0.000787 seconds.
  path: Assets/Graph/OneMouse.png
  artifactKey: Guid(e6a63d45806a5b44d863959ba994dd17) Importer(815301076,1909f56bfc062723c751e8b465ee728b)
Start importing Assets/Graph/OneMouse.png using Guid(e6a63d45806a5b44d863959ba994dd17) Importer(815301076,1909f56bfc062723c751e8b465ee728b)  -> (artifact id: 'e9a7e19c1f396ae32305f173288c5ea3') in 0.023408 seconds
  Import took 0.063177 seconds .

========================================================================
Received Import Request.
  Time since last request: 0.001101 seconds.
  path: Assets/Graph/mouse.png
  artifactKey: Guid(948c7138a40eb9c4c898f7950a5d8b45) Importer(815301076,1909f56bfc062723c751e8b465ee728b)
Start importing Assets/Graph/mouse.png using Guid(948c7138a40eb9c4c898f7950a5d8b45) Importer(815301076,1909f56bfc062723c751e8b465ee728b)  -> (artifact id: '929c7805efb1d5642f1d34f0e9a2b81f') in 0.024102 seconds
  Import took 0.035418 seconds .

========================================================================
Received Import Request.
  Time since last request: 0.001563 seconds.
  path: Assets/Graph/OneMouse.png
  artifactKey: Guid(e6a63d45806a5b44d863959ba994dd17) Importer(815301076,1909f56bfc062723c751e8b465ee728b)
Start importing Assets/Graph/OneMouse.png using Guid(e6a63d45806a5b44d863959ba994dd17) Importer(815301076,1909f56bfc062723c751e8b465ee728b)  -> (artifact id: 'e9a7e19c1f396ae32305f173288c5ea3') in 0.020149 seconds
  Import took 0.033196 seconds .

========================================================================
Received Import Request.
  Time since last request: 0.001219 seconds.
  path: Assets/Graph/TwoMouse.png
  artifactKey: Guid(2cd8301e7da6aba4a99027612079e292) Importer(815301076,1909f56bfc062723c751e8b465ee728b)
Start importing Assets/Graph/TwoMouse.png using Guid(2cd8301e7da6aba4a99027612079e292) Importer(815301076,1909f56bfc062723c751e8b465ee728b)  -> (artifact id: 'e6475f97ca294fb94656cc77ea81b795') in 0.019273 seconds
  Import took 0.054715 seconds .

========================================================================
Received Import Request.
  Time since last request: 0.008334 seconds.
  path: Assets/Graph/TwoMouse.png
  artifactKey: Guid(2cd8301e7da6aba4a99027612079e292) Importer(815301076,1909f56bfc062723c751e8b465ee728b)
Start importing Assets/Graph/TwoMouse.png using Guid(2cd8301e7da6aba4a99027612079e292) Importer(815301076,1909f56bfc062723c751e8b465ee728b)  -> (artifact id: 'e6475f97ca294fb94656cc77ea81b795') in 0.017742 seconds
  Import took 0.029025 seconds .

========================================================================
Received Prepare
Registering precompiled user dll's ...
Registered in 0.001355 seconds.
Begin MonoManager ReloadAssembly
Native extension for WindowsStandalone target not found
Native extension for WebGL target not found
Refreshing native plugins compatible for Editor in 0.50 ms, found 1 plugins.
Preloading 0 native plugins for Editor in 0.00 ms.
Invoked RoslynAnalysisRunner static constructor.
RoslynAnalysisRunner will not be running.
RoslynAnalysisRunner has terminated.
Mono: successfully reloaded assembly
- Completed reload, in  1.165 seconds
Platform modules already initialized, skipping
Refreshing native plugins compatible for Editor in 0.36 ms, found 1 plugins.
Preloading 0 native plugins for Editor in 0.00 ms.
Unloading 1807 Unused Serialized files (Serialized files now loaded: 0)
System memory in use before: 89.2 MB.
System memory in use after: 89.2 MB.

Unloading 9 unused Assets to reduce memory usage. Loaded Objects now: 2330.
Total: 2.114000 ms (FindLiveObjects: 0.184000 ms CreateObjectMapping: 0.068300 ms MarkObjects: 1.774500 ms  DeleteObjects: 0.085800 ms)

========================================================================
Received Import Request.
  Time since last request: 467.643280 seconds.
  path: Assets/Scenes/GameScene.unity
  artifactKey: Guid(2cda990e2423bbf4892e6590ba056729) Importer(815301076,1909f56bfc062723c751e8b465ee728b)
Start importing Assets/Scenes/GameScene.unity using Guid(2cda990e2423bbf4892e6590ba056729) Importer(815301076,1909f56bfc062723c751e8b465ee728b)  -> (artifact id: 'c94eb578b4926d43c134c70f82ba0973') in 0.020060 seconds
  Import took 0.046992 seconds .

AssetImportWorkerClient::OnTransportError - code=2 error=End of file
