Using pre-set license
Built from '2020.3/staging' branch; Version is '2020.3.3f1 (76626098c1c4) revision 7758432'; Using compiler version '192528614'; Build Type 'Release'
OS: 'Windows 10 Home; OS build 19042.928; Version 2009; 64bit' Language: 'en' Physical Memory: 16324 MB
BatchMode: 1, IsHumanControllingUs: 0, StartBugReporterOnCrash: 0, Is64bit: 1, IsPro: 0

 COMMAND LINE ARGUMENTS:
C:\Program Files\Unity\Hub\Editor\2020.3.3f1\Editor\Unity.exe
-adb2
-batchMode
-noUpm
-name
AssetImportWorker1
-projectPath
F:/School_Projects/Ludum48/LudumDare48
-logFile
Logs/AssetImportWorker1.log
-srvPort
53327
Successfully changed project path to: F:/School_Projects/Ludum48/LudumDare48
F:/School_Projects/Ludum48/LudumDare48
Using Asset Import Pipeline V2.
Refreshing native plugins compatible for Editor in 42.07 ms, found 1 plugins.
Preloading 0 native plugins for Editor in 0.00 ms.
Initialize engine version: 2020.3.3f1 (76626098c1c4)
[Subsystems] Discovering subsystems at path C:/Program Files/Unity/Hub/Editor/2020.3.3f1/Editor/Data/Resources/UnitySubsystems
[Subsystems] Discovering subsystems at path F:/School_Projects/Ludum48/LudumDare48/Assets
GfxDevice: creating device client; threaded=0
Direct3D:
    Version:  Direct3D 11.0 [level 11.1]
    Renderer: NVIDIA GeForce GTX 1060 6GB (ID=0x1c03)
    Vendor:   
    VRAM:     6052 MB
    Driver:   27.21.14.6611
Initialize mono
Mono path[0] = 'C:/Program Files/Unity/Hub/Editor/2020.3.3f1/Editor/Data/Managed'
Mono path[1] = 'C:/Program Files/Unity/Hub/Editor/2020.3.3f1/Editor/Data/MonoBleedingEdge/lib/mono/unityjit'
Mono config path = 'C:/Program Files/Unity/Hub/Editor/2020.3.3f1/Editor/Data/MonoBleedingEdge/etc'
Using monoOptions --debugger-agent=transport=dt_socket,embedding=1,server=y,suspend=n,address=127.0.0.1:56568
Begin MonoManager ReloadAssembly
Registering precompiled unity dll's ...
Register platform support module: C:/Program Files/Unity/Hub/Editor/2020.3.3f1/Editor/Data/PlaybackEngines/WebGLSupport/UnityEditor.WebGL.Extensions.dll
Register platform support module: C:/Program Files/Unity/Hub/Editor/2020.3.3f1/Editor/Data/PlaybackEngines/WindowsStandaloneSupport/UnityEditor.WindowsStandalone.Extensions.dll
Registered in 0.003896 seconds.
Native extension for WindowsStandalone target not found
Native extension for WebGL target not found
Refreshing native plugins compatible for Editor in 43.76 ms, found 1 plugins.
Preloading 0 native plugins for Editor in 0.00 ms.
Invoked RoslynAnalysisRunner static constructor.
RoslynAnalysisRunner will not be running.
RoslynAnalysisRunner has terminated.
Mono: successfully reloaded assembly
- Completed reload, in  1.640 seconds
Platform modules already initialized, skipping
Registering precompiled user dll's ...
Registered in 0.001174 seconds.
Begin MonoManager ReloadAssembly
Native extension for WindowsStandalone target not found
Native extension for WebGL target not found
Refreshing native plugins compatible for Editor in 40.93 ms, found 1 plugins.
Preloading 0 native plugins for Editor in 0.00 ms.
Invoked RoslynAnalysisRunner static constructor.
RoslynAnalysisRunner will not be running.
RoslynAnalysisRunner has terminated.
Mono: successfully reloaded assembly
- Completed reload, in  1.167 seconds
Platform modules already initialized, skipping
========================================================================
Worker process is ready to serve import requests
Launched and connected shader compiler UnityShaderCompiler.exe after 0.08 seconds
Refreshing native plugins compatible for Editor in 0.52 ms, found 1 plugins.
Preloading 0 native plugins for Editor in 0.00 ms.
Unloading 1831 Unused Serialized files (Serialized files now loaded: 0)
System memory in use before: 87.7 MB.
System memory in use after: 87.8 MB.

Unloading 20 unused Assets to reduce memory usage. Loaded Objects now: 2280.
Total: 3.805400 ms (FindLiveObjects: 0.572300 ms CreateObjectMapping: 0.132700 ms MarkObjects: 3.007500 ms  DeleteObjects: 0.091400 ms)

========================================================================
Received Import Request.
  path: Assets/Graph/Animation/Player.controller
  artifactKey: Guid(7e342caae9888a642bf82b2bbb45559f) Importer(815301076,1909f56bfc062723c751e8b465ee728b)
Start importing Assets/Graph/Animation/Player.controller using Guid(7e342caae9888a642bf82b2bbb45559f) Importer(815301076,1909f56bfc062723c751e8b465ee728b)  -> (artifact id: 'de853503145e3f6810249679ed9e9806') in 0.159898 seconds
  Import took 0.170779 seconds .

========================================================================
Received Import Request.
  Time since last request: 90.946454 seconds.
  path: Assets/Graph/AnglerFish.png
  artifactKey: Guid(ad4d610c25175594cacd97cf6a4edbdc) Importer(815301076,1909f56bfc062723c751e8b465ee728b)
Start importing Assets/Graph/AnglerFish.png using Guid(ad4d610c25175594cacd97cf6a4edbdc) Importer(815301076,1909f56bfc062723c751e8b465ee728b)  -> (artifact id: '9007575206ec71690f50b5c472a634c2') in 0.101862 seconds
  Import took 0.113022 seconds .

========================================================================
Received Import Request.
  Time since last request: 0.001167 seconds.
  path: Assets/Graph/JellyFish.png
  artifactKey: Guid(c1034c13098d8c2449d5043874d0a43c) Importer(815301076,1909f56bfc062723c751e8b465ee728b)
Start importing Assets/Graph/JellyFish.png using Guid(c1034c13098d8c2449d5043874d0a43c) Importer(815301076,1909f56bfc062723c751e8b465ee728b)  -> (artifact id: '7f2796b1c455a53aea6e5e3f8fcb0a80') in 0.023303 seconds
  Import took 0.034997 seconds .

========================================================================
Received Import Request.
  Time since last request: 0.001076 seconds.
  path: Assets/Graph/Icon.PNG
  artifactKey: Guid(4aa7d6a509b1d464a9c6f973b08478bd) Importer(815301076,1909f56bfc062723c751e8b465ee728b)
Start importing Assets/Graph/Icon.PNG using Guid(4aa7d6a509b1d464a9c6f973b08478bd) Importer(815301076,1909f56bfc062723c751e8b465ee728b)  -> (artifact id: 'a2346bfe9352af2b999e7a54edc7b7cd') in 0.143177 seconds
  Import took 0.155783 seconds .

========================================================================
Received Import Request.
  Time since last request: 0.001068 seconds.
  path: Assets/Graph/Ink.png
  artifactKey: Guid(4649cdf6ba7e5e24e8281aa0b9a0cd72) Importer(815301076,1909f56bfc062723c751e8b465ee728b)
Start importing Assets/Graph/Ink.png using Guid(4649cdf6ba7e5e24e8281aa0b9a0cd72) Importer(815301076,1909f56bfc062723c751e8b465ee728b)  -> (artifact id: 'ba3be997146cb2dd5d770fd6d87b29b3') in 0.046936 seconds
  Import took 0.060834 seconds .

========================================================================
Received Import Request.
  Time since last request: 0.000942 seconds.
  path: Assets/Graph/OneMouse.png
  artifactKey: Guid(e6a63d45806a5b44d863959ba994dd17) Importer(815301076,1909f56bfc062723c751e8b465ee728b)
Start importing Assets/Graph/OneMouse.png using Guid(e6a63d45806a5b44d863959ba994dd17) Importer(815301076,1909f56bfc062723c751e8b465ee728b)  -> (artifact id: '3a3ce888bf8cc57f97269ece8d87dafa') in 0.017796 seconds
  Import took 0.051186 seconds .

========================================================================
Received Import Request.
  Time since last request: 0.000977 seconds.
  path: Assets/Graph/OctopusMainMenu.png
  artifactKey: Guid(58e4b8a6b8a72c043b487b2485de0d9d) Importer(815301076,1909f56bfc062723c751e8b465ee728b)
Start importing Assets/Graph/OctopusMainMenu.png using Guid(58e4b8a6b8a72c043b487b2485de0d9d) Importer(815301076,1909f56bfc062723c751e8b465ee728b)  -> (artifact id: '2e67f04fccc8a1ea57d051ae3a0ea71e') in 0.154345 seconds
  Import took 0.165500 seconds .

========================================================================
Received Import Request.
  Time since last request: 0.000977 seconds.
  path: Assets/Graph/mouse.png
  artifactKey: Guid(948c7138a40eb9c4c898f7950a5d8b45) Importer(815301076,1909f56bfc062723c751e8b465ee728b)
Start importing Assets/Graph/mouse.png using Guid(948c7138a40eb9c4c898f7950a5d8b45) Importer(815301076,1909f56bfc062723c751e8b465ee728b)  -> (artifact id: 'b08b84f9f82bdf2f681cccb38045ef41') in 0.020121 seconds
  Import took 0.083113 seconds .

========================================================================
Received Import Request.
  Time since last request: 0.000944 seconds.
  path: Assets/Graph/TwoMouse.png
  artifactKey: Guid(2cd8301e7da6aba4a99027612079e292) Importer(815301076,1909f56bfc062723c751e8b465ee728b)
Start importing Assets/Graph/TwoMouse.png using Guid(2cd8301e7da6aba4a99027612079e292) Importer(815301076,1909f56bfc062723c751e8b465ee728b)  -> (artifact id: 'e56f31f3a3a5a7f39216a9a76d1edb58') in 0.017852 seconds
  Import took 0.075071 seconds .

========================================================================
Received Import Request.
  Time since last request: 0.000996 seconds.
  path: Assets/Graph/Swordfish.png
  artifactKey: Guid(ae69fb703aac8124ebe80dad291fc235) Importer(815301076,1909f56bfc062723c751e8b465ee728b)
Start importing Assets/Graph/Swordfish.png using Guid(ae69fb703aac8124ebe80dad291fc235) Importer(815301076,1909f56bfc062723c751e8b465ee728b)  -> (artifact id: '1652b24f005d7df4d81bbe3104c5faaa') in 0.027392 seconds
  Import took 0.055435 seconds .

========================================================================
Received Import Request.
  Time since last request: 0.001608 seconds.
  path: Assets/Graph/Asdonuts.ttf
  artifactKey: Guid(cba7f9aec46b2d6478d063bda9be62f3) Importer(815301076,1909f56bfc062723c751e8b465ee728b)
Start importing Assets/Graph/Asdonuts.ttf using Guid(cba7f9aec46b2d6478d063bda9be62f3) Importer(815301076,1909f56bfc062723c751e8b465ee728b)  -> (artifact id: '85af05ecb0a4f2dbb8b31473b1707e91') in 0.072035 seconds
  Import took 0.108512 seconds .

========================================================================
Received Import Request.
  Time since last request: 0.000980 seconds.
  path: Assets/Graph/OctopusHit.png
  artifactKey: Guid(1d5c8074add48cb4fa1c073c2d6dbb3b) Importer(815301076,1909f56bfc062723c751e8b465ee728b)
Start importing Assets/Graph/OctopusHit.png using Guid(1d5c8074add48cb4fa1c073c2d6dbb3b) Importer(815301076,1909f56bfc062723c751e8b465ee728b)  -> (artifact id: '3d063bd3260f8b5bef5ce811e8194044') in 0.020576 seconds
  Import took 0.036255 seconds .

========================================================================
Received Import Request.
  Time since last request: 0.001880 seconds.
  path: Assets/Graph/ClamHeart.png
  artifactKey: Guid(1fa0c718390126f4f826a10e82f520d3) Importer(815301076,1909f56bfc062723c751e8b465ee728b)
Start importing Assets/Graph/ClamHeart.png using Guid(1fa0c718390126f4f826a10e82f520d3) Importer(815301076,1909f56bfc062723c751e8b465ee728b)  -> (artifact id: '47cb6c0f39cfd4a3d327dc73d34fdf0e') in 0.020879 seconds
  Import took 0.041029 seconds .

========================================================================
Received Import Request.
  Time since last request: 0.001106 seconds.
  path: Assets/Graph/BackgroundRocks.png
  artifactKey: Guid(b5e7e6f6f9301324ba5c15f44002eb3f) Importer(815301076,1909f56bfc062723c751e8b465ee728b)
Start importing Assets/Graph/BackgroundRocks.png using Guid(b5e7e6f6f9301324ba5c15f44002eb3f) Importer(815301076,1909f56bfc062723c751e8b465ee728b)  -> (artifact id: '3cfed780d0b7c24e5e8decaa95301ba4') in 0.020595 seconds
  Import took 0.058283 seconds .

========================================================================
Received Import Request.
  Time since last request: 0.000985 seconds.
  path: Assets/Graph/background.png
  artifactKey: Guid(5530d121dfa0d2e49aa7145fc202ffcb) Importer(815301076,1909f56bfc062723c751e8b465ee728b)
Start importing Assets/Graph/background.png using Guid(5530d121dfa0d2e49aa7145fc202ffcb) Importer(815301076,1909f56bfc062723c751e8b465ee728b)  -> (artifact id: 'ab36a85a4ac0322aa3e5fc08d0d7bc4f') in 0.026550 seconds
  Import took 0.039074 seconds .

========================================================================
Received Import Request.
  Time since last request: 0.001711 seconds.
  path: Assets/Graph/pause.png
  artifactKey: Guid(7da044581f448fc4aabd59229f9d4116) Importer(815301076,1909f56bfc062723c751e8b465ee728b)
Start importing Assets/Graph/pause.png using Guid(7da044581f448fc4aabd59229f9d4116) Importer(815301076,1909f56bfc062723c751e8b465ee728b)  -> (artifact id: 'e4623330fefe3bed934bb65c58e0b48a') in 0.023751 seconds
  Import took 0.036786 seconds .

========================================================================
Received Import Request.
  Time since last request: 0.001088 seconds.
  path: Assets/Graph/angryJellyFish.png
  artifactKey: Guid(83cedf317a82b914982ca8d00f831a00) Importer(815301076,1909f56bfc062723c751e8b465ee728b)
Start importing Assets/Graph/angryJellyFish.png using Guid(83cedf317a82b914982ca8d00f831a00) Importer(815301076,1909f56bfc062723c751e8b465ee728b)  -> (artifact id: '888457f8a0a88010477302a1fddea14e') in 0.019425 seconds
  Import took 0.033895 seconds .

========================================================================
Received Import Request.
  Time since last request: 0.000853 seconds.
  path: Assets/Graph/Bubble.png
  artifactKey: Guid(cd49ebdf9e94f1e4e93f703b11465da2) Importer(815301076,1909f56bfc062723c751e8b465ee728b)
Start importing Assets/Graph/Bubble.png using Guid(cd49ebdf9e94f1e4e93f703b11465da2) Importer(815301076,1909f56bfc062723c751e8b465ee728b)  -> (artifact id: '8bd4a52fac8539f2b83bfa6dd0012271') in 0.026596 seconds
  Import took 0.037587 seconds .

========================================================================
Received Import Request.
  Time since last request: 0.000885 seconds.
  path: Assets/Graph/StarFish.png
  artifactKey: Guid(d5b0993bd64262741bf8710e9f57387c) Importer(815301076,1909f56bfc062723c751e8b465ee728b)
Start importing Assets/Graph/StarFish.png using Guid(d5b0993bd64262741bf8710e9f57387c) Importer(815301076,1909f56bfc062723c751e8b465ee728b)  -> (artifact id: 'acd23ffd5013b6cc550fec58f0fcf67f') in 0.018091 seconds
  Import took 0.029658 seconds .

========================================================================
Received Import Request.
  Time since last request: 0.000851 seconds.
  path: Assets/Graph/OctopusLayered.png
  artifactKey: Guid(fee2d586c2fe8834c87008f82a0ec288) Importer(815301076,1909f56bfc062723c751e8b465ee728b)
Start importing Assets/Graph/OctopusLayered.png using Guid(fee2d586c2fe8834c87008f82a0ec288) Importer(815301076,1909f56bfc062723c751e8b465ee728b)  -> (artifact id: '6ec7d43fc5cf2c1c063ce802ecbe64f9') in 0.017926 seconds
  Import took 0.030732 seconds .

========================================================================
Received Import Request.
  Time since last request: 0.000852 seconds.
  path: Assets/Graph/OctopusRainbow.png
  artifactKey: Guid(da0d81c05d0536141a94d72dea67c550) Importer(815301076,1909f56bfc062723c751e8b465ee728b)
Start importing Assets/Graph/OctopusRainbow.png using Guid(da0d81c05d0536141a94d72dea67c550) Importer(815301076,1909f56bfc062723c751e8b465ee728b)  -> (artifact id: '1c631ce9ab2cac1bb7012cac28674243') in 0.020705 seconds
  Import took 0.032966 seconds .

========================================================================
Received Import Request.
  Time since last request: 0.000924 seconds.
  path: Assets/Graph/OctopusBoost.png
  artifactKey: Guid(cd7e062ae82985344b04f61d8e79a9ec) Importer(815301076,1909f56bfc062723c751e8b465ee728b)
Start importing Assets/Graph/OctopusBoost.png using Guid(cd7e062ae82985344b04f61d8e79a9ec) Importer(815301076,1909f56bfc062723c751e8b465ee728b)  -> (artifact id: '31848affc513446549d195c73b98eac4') in 0.018604 seconds
  Import took 0.049462 seconds .

========================================================================
Received Import Request.
  Time since last request: 0.012027 seconds.
  path: Assets/Graph/OctopusLayered.psb
  artifactKey: Guid(bf8bafb3d199612449de6a616c014be6) Importer(815301076,1909f56bfc062723c751e8b465ee728b)
Start importing Assets/Graph/OctopusLayered.psb using Guid(bf8bafb3d199612449de6a616c014be6) Importer(815301076,1909f56bfc062723c751e8b465ee728b)  -> (artifact id: '7d2ee6167d51321f68dbe1d168cbb938') in 0.192890 seconds
  Import took 0.226619 seconds .

========================================================================
Received Import Request.
  Time since last request: 0.000933 seconds.
  path: Assets/Graph/cursor.png
  artifactKey: Guid(fff21fbb1d0a396448b6c9e8c1aedcdc) Importer(815301076,1909f56bfc062723c751e8b465ee728b)
Start importing Assets/Graph/cursor.png using Guid(fff21fbb1d0a396448b6c9e8c1aedcdc) Importer(815301076,1909f56bfc062723c751e8b465ee728b)  -> (artifact id: '7bde023d8664b2ea0bda5f40eb9b40b3') in 0.010431 seconds
  Import took 0.021241 seconds .

========================================================================
Received Import Request.
  Time since last request: 0.001360 seconds.
  path: Assets/Graph/title.png
  artifactKey: Guid(8ba9ea569e627e94daee2ec10c696608) Importer(815301076,1909f56bfc062723c751e8b465ee728b)
Start importing Assets/Graph/title.png using Guid(8ba9ea569e627e94daee2ec10c696608) Importer(815301076,1909f56bfc062723c751e8b465ee728b)  -> (artifact id: '255715ce01fd38dcc25827fba02e09b3') in 0.017500 seconds
  Import took 0.031935 seconds .

========================================================================
Received Import Request.
  Time since last request: 0.001378 seconds.
  path: Assets/Graph/Bottle.png
  artifactKey: Guid(27d4f29e89d29c44693c5651a5aee921) Importer(815301076,1909f56bfc062723c751e8b465ee728b)
Start importing Assets/Graph/Bottle.png using Guid(27d4f29e89d29c44693c5651a5aee921) Importer(815301076,1909f56bfc062723c751e8b465ee728b)  -> (artifact id: '21b444989393e40b1960cbc179737f9c') in 0.016122 seconds
  Import took 0.031656 seconds .

========================================================================
Received Import Request.
  Time since last request: 0.001337 seconds.
  path: Assets/Graph/NormalFace.png
  artifactKey: Guid(bab2f7ffa9e1f19478020cbf38eaf822) Importer(815301076,1909f56bfc062723c751e8b465ee728b)
Start importing Assets/Graph/NormalFace.png using Guid(bab2f7ffa9e1f19478020cbf38eaf822) Importer(815301076,1909f56bfc062723c751e8b465ee728b)  -> (artifact id: 'aaba077fe7350dd33960157af7b85a49') in 0.053980 seconds
  Import took 0.065574 seconds .

========================================================================
Received Import Request.
  Time since last request: 0.001540 seconds.
  path: Assets/Graph/Animation/Idle.anim
  artifactKey: Guid(b2d9223d0d0868048b4d65137a8a457a) Importer(815301076,1909f56bfc062723c751e8b465ee728b)
Start importing Assets/Graph/Animation/Idle.anim using Guid(b2d9223d0d0868048b4d65137a8a457a) Importer(815301076,1909f56bfc062723c751e8b465ee728b)  -> (artifact id: 'c61072841cc7849c6a6a219b81d55490') in 0.010022 seconds
  Import took 0.023389 seconds .

========================================================================
Received Import Request.
  Time since last request: 0.001623 seconds.
  path: Assets/Graph/Volume.png
  artifactKey: Guid(6bc081834403f374e8b77f909e722dd1) Importer(815301076,1909f56bfc062723c751e8b465ee728b)
Start importing Assets/Graph/Volume.png using Guid(6bc081834403f374e8b77f909e722dd1) Importer(815301076,1909f56bfc062723c751e8b465ee728b)  -> (artifact id: '829e5d42bcf091105a59eb0f96c41bc6') in 0.018950 seconds
  Import took 0.032907 seconds .

========================================================================
Received Prepare
Registering precompiled user dll's ...
Registered in 0.002783 seconds.
Begin MonoManager ReloadAssembly
Native extension for WindowsStandalone target not found
Native extension for WebGL target not found
Refreshing native plugins compatible for Editor in 0.36 ms, found 1 plugins.
Preloading 0 native plugins for Editor in 0.00 ms.
Invoked RoslynAnalysisRunner static constructor.
RoslynAnalysisRunner will not be running.
RoslynAnalysisRunner has terminated.
Mono: successfully reloaded assembly
- Completed reload, in  1.097 seconds
Platform modules already initialized, skipping
Refreshing native plugins compatible for Editor in 0.37 ms, found 1 plugins.
Preloading 0 native plugins for Editor in 0.00 ms.
Unloading 1809 Unused Serialized files (Serialized files now loaded: 0)
System memory in use before: 89.7 MB.
System memory in use after: 89.7 MB.

Unloading 9 unused Assets to reduce memory usage. Loaded Objects now: 2372.
Total: 2.270200 ms (FindLiveObjects: 0.207900 ms CreateObjectMapping: 0.082000 ms MarkObjects: 1.893900 ms  DeleteObjects: 0.084300 ms)

========================================================================
Received Import Request.
  Time since last request: 131.154177 seconds.
  path: Assets/Graph/Animation/Charge.anim
  artifactKey: Guid(d1b7d3a6b9ef1fa4f9a9fe80c8fabc13) Importer(815301076,1909f56bfc062723c751e8b465ee728b)
Start importing Assets/Graph/Animation/Charge.anim using Guid(d1b7d3a6b9ef1fa4f9a9fe80c8fabc13) Importer(815301076,1909f56bfc062723c751e8b465ee728b)  -> (artifact id: 'f6ce721012c70162c635169fb4b3a4e5') in 0.020659 seconds
  Import took 0.054641 seconds .

========================================================================
Received Prepare
Registering precompiled user dll's ...
Registered in 0.001829 seconds.
Begin MonoManager ReloadAssembly
Native extension for WindowsStandalone target not found
Native extension for WebGL target not found
Refreshing native plugins compatible for Editor in 0.35 ms, found 1 plugins.
Preloading 0 native plugins for Editor in 0.00 ms.
Invoked RoslynAnalysisRunner static constructor.
RoslynAnalysisRunner will not be running.
RoslynAnalysisRunner has terminated.
Mono: successfully reloaded assembly
- Completed reload, in  1.044 seconds
Platform modules already initialized, skipping
Refreshing native plugins compatible for Editor in 0.35 ms, found 1 plugins.
Preloading 0 native plugins for Editor in 0.00 ms.
Unloading 1809 Unused Serialized files (Serialized files now loaded: 0)
System memory in use before: 89.7 MB.
System memory in use after: 89.8 MB.

Unloading 9 unused Assets to reduce memory usage. Loaded Objects now: 2376.
Total: 2.265300 ms (FindLiveObjects: 0.200900 ms CreateObjectMapping: 0.080300 ms MarkObjects: 1.909600 ms  DeleteObjects: 0.073100 ms)

========================================================================
Received Prepare
Registering precompiled user dll's ...
Registered in 0.001243 seconds.
Begin MonoManager ReloadAssembly
Native extension for WindowsStandalone target not found
Native extension for WebGL target not found
Refreshing native plugins compatible for Editor in 0.42 ms, found 1 plugins.
Preloading 0 native plugins for Editor in 0.00 ms.
Invoked RoslynAnalysisRunner static constructor.
RoslynAnalysisRunner will not be running.
RoslynAnalysisRunner has terminated.
Mono: successfully reloaded assembly
- Completed reload, in  1.037 seconds
Platform modules already initialized, skipping
Refreshing native plugins compatible for Editor in 0.40 ms, found 1 plugins.
Preloading 0 native plugins for Editor in 0.00 ms.
Unloading 1809 Unused Serialized files (Serialized files now loaded: 0)
System memory in use before: 89.7 MB.
System memory in use after: 89.8 MB.

Unloading 9 unused Assets to reduce memory usage. Loaded Objects now: 2380.
Total: 2.071100 ms (FindLiveObjects: 0.190500 ms CreateObjectMapping: 0.113900 ms MarkObjects: 1.656500 ms  DeleteObjects: 0.109000 ms)

========================================================================
Received Prepare
Registering precompiled user dll's ...
Registered in 0.001232 seconds.
Begin MonoManager ReloadAssembly
Native extension for WindowsStandalone target not found
Native extension for WebGL target not found
Refreshing native plugins compatible for Editor in 0.41 ms, found 1 plugins.
Preloading 0 native plugins for Editor in 0.00 ms.
Invoked RoslynAnalysisRunner static constructor.
RoslynAnalysisRunner will not be running.
RoslynAnalysisRunner has terminated.
Mono: successfully reloaded assembly
- Completed reload, in  1.125 seconds
Platform modules already initialized, skipping
Refreshing native plugins compatible for Editor in 0.35 ms, found 1 plugins.
Preloading 0 native plugins for Editor in 0.00 ms.
Unloading 1809 Unused Serialized files (Serialized files now loaded: 0)
System memory in use before: 89.7 MB.
System memory in use after: 89.8 MB.

Unloading 9 unused Assets to reduce memory usage. Loaded Objects now: 2384.
Total: 2.022400 ms (FindLiveObjects: 0.253600 ms CreateObjectMapping: 0.069500 ms MarkObjects: 1.592800 ms  DeleteObjects: 0.105400 ms)

========================================================================
Received Prepare
Registering precompiled user dll's ...
Registered in 0.001278 seconds.
Begin MonoManager ReloadAssembly
Native extension for WindowsStandalone target not found
Native extension for WebGL target not found
Refreshing native plugins compatible for Editor in 0.36 ms, found 1 plugins.
Preloading 0 native plugins for Editor in 0.00 ms.
Invoked RoslynAnalysisRunner static constructor.
RoslynAnalysisRunner will not be running.
RoslynAnalysisRunner has terminated.
Mono: successfully reloaded assembly
- Completed reload, in  1.104 seconds
Platform modules already initialized, skipping
Refreshing native plugins compatible for Editor in 0.35 ms, found 1 plugins.
Preloading 0 native plugins for Editor in 0.00 ms.
Unloading 1809 Unused Serialized files (Serialized files now loaded: 0)
System memory in use before: 89.8 MB.
System memory in use after: 89.8 MB.

Unloading 9 unused Assets to reduce memory usage. Loaded Objects now: 2388.
Total: 2.466000 ms (FindLiveObjects: 0.204700 ms CreateObjectMapping: 0.078800 ms MarkObjects: 2.108700 ms  DeleteObjects: 0.071900 ms)

========================================================================
Received Prepare
Registering precompiled user dll's ...
Registered in 0.001556 seconds.
Begin MonoManager ReloadAssembly
Native extension for WindowsStandalone target not found
Native extension for WebGL target not found
Refreshing native plugins compatible for Editor in 0.38 ms, found 1 plugins.
Preloading 0 native plugins for Editor in 0.00 ms.
Invoked RoslynAnalysisRunner static constructor.
RoslynAnalysisRunner will not be running.
RoslynAnalysisRunner has terminated.
Mono: successfully reloaded assembly
- Completed reload, in  1.074 seconds
Platform modules already initialized, skipping
Refreshing native plugins compatible for Editor in 0.50 ms, found 1 plugins.
Preloading 0 native plugins for Editor in 0.00 ms.
Unloading 1809 Unused Serialized files (Serialized files now loaded: 0)
System memory in use before: 89.8 MB.
System memory in use after: 89.8 MB.

Unloading 9 unused Assets to reduce memory usage. Loaded Objects now: 2392.
Total: 2.030900 ms (FindLiveObjects: 0.186200 ms CreateObjectMapping: 0.116700 ms MarkObjects: 1.653500 ms  DeleteObjects: 0.072900 ms)

========================================================================
Received Prepare
Registering precompiled user dll's ...
Registered in 0.001590 seconds.
Begin MonoManager ReloadAssembly
Native extension for WindowsStandalone target not found
Native extension for WebGL target not found
Refreshing native plugins compatible for Editor in 0.37 ms, found 1 plugins.
Preloading 0 native plugins for Editor in 0.00 ms.
Invoked RoslynAnalysisRunner static constructor.
RoslynAnalysisRunner will not be running.
RoslynAnalysisRunner has terminated.
Mono: successfully reloaded assembly
- Completed reload, in  1.140 seconds
Platform modules already initialized, skipping
Refreshing native plugins compatible for Editor in 0.49 ms, found 1 plugins.
Preloading 0 native plugins for Editor in 0.00 ms.
Unloading 1809 Unused Serialized files (Serialized files now loaded: 0)
System memory in use before: 89.8 MB.
System memory in use after: 89.8 MB.

Unloading 9 unused Assets to reduce memory usage. Loaded Objects now: 2396.
Total: 3.488900 ms (FindLiveObjects: 0.693600 ms CreateObjectMapping: 0.099700 ms MarkObjects: 2.547200 ms  DeleteObjects: 0.145900 ms)

========================================================================
Received Prepare
Registering precompiled user dll's ...
Registered in 0.001425 seconds.
Begin MonoManager ReloadAssembly
Native extension for WindowsStandalone target not found
Native extension for WebGL target not found
Refreshing native plugins compatible for Editor in 0.35 ms, found 1 plugins.
Preloading 0 native plugins for Editor in 0.00 ms.
Invoked RoslynAnalysisRunner static constructor.
RoslynAnalysisRunner will not be running.
RoslynAnalysisRunner has terminated.
Mono: successfully reloaded assembly
- Completed reload, in  0.995 seconds
Platform modules already initialized, skipping
Refreshing native plugins compatible for Editor in 0.37 ms, found 1 plugins.
Preloading 0 native plugins for Editor in 0.00 ms.
Unloading 1809 Unused Serialized files (Serialized files now loaded: 0)
System memory in use before: 89.8 MB.
System memory in use after: 89.9 MB.

Unloading 9 unused Assets to reduce memory usage. Loaded Objects now: 2400.
Total: 2.322300 ms (FindLiveObjects: 0.190200 ms CreateObjectMapping: 0.068200 ms MarkObjects: 1.917600 ms  DeleteObjects: 0.145100 ms)

========================================================================
Received Prepare
Registering precompiled user dll's ...
Registered in 0.001264 seconds.
Begin MonoManager ReloadAssembly
Native extension for WindowsStandalone target not found
Native extension for WebGL target not found
Refreshing native plugins compatible for Editor in 0.42 ms, found 1 plugins.
Preloading 0 native plugins for Editor in 0.00 ms.
Invoked RoslynAnalysisRunner static constructor.
RoslynAnalysisRunner will not be running.
RoslynAnalysisRunner has terminated.
Mono: successfully reloaded assembly
- Completed reload, in  0.954 seconds
Platform modules already initialized, skipping
Refreshing native plugins compatible for Editor in 0.38 ms, found 1 plugins.
Preloading 0 native plugins for Editor in 0.00 ms.
Unloading 1809 Unused Serialized files (Serialized files now loaded: 0)
System memory in use before: 89.8 MB.
System memory in use after: 89.9 MB.

Unloading 9 unused Assets to reduce memory usage. Loaded Objects now: 2404.
Total: 2.692100 ms (FindLiveObjects: 0.223800 ms CreateObjectMapping: 0.079500 ms MarkObjects: 2.308400 ms  DeleteObjects: 0.078800 ms)

========================================================================
Received Prepare
Registering precompiled user dll's ...
Registered in 0.001269 seconds.
Begin MonoManager ReloadAssembly
Native extension for WindowsStandalone target not found
Native extension for WebGL target not found
Refreshing native plugins compatible for Editor in 0.52 ms, found 1 plugins.
Preloading 0 native plugins for Editor in 0.00 ms.
Invoked RoslynAnalysisRunner static constructor.
RoslynAnalysisRunner will not be running.
RoslynAnalysisRunner has terminated.
Mono: successfully reloaded assembly
- Completed reload, in  1.083 seconds
Platform modules already initialized, skipping
Refreshing native plugins compatible for Editor in 0.37 ms, found 1 plugins.
Preloading 0 native plugins for Editor in 0.00 ms.
Unloading 1809 Unused Serialized files (Serialized files now loaded: 0)
System memory in use before: 89.8 MB.
System memory in use after: 89.9 MB.

Unloading 9 unused Assets to reduce memory usage. Loaded Objects now: 2408.
Total: 2.677400 ms (FindLiveObjects: 0.281400 ms CreateObjectMapping: 0.091400 ms MarkObjects: 2.227300 ms  DeleteObjects: 0.075800 ms)

========================================================================
Received Prepare
Registering precompiled user dll's ...
Registered in 0.001387 seconds.
Begin MonoManager ReloadAssembly
Native extension for WindowsStandalone target not found
Native extension for WebGL target not found
Refreshing native plugins compatible for Editor in 0.34 ms, found 1 plugins.
Preloading 0 native plugins for Editor in 0.00 ms.
Invoked RoslynAnalysisRunner static constructor.
RoslynAnalysisRunner will not be running.
RoslynAnalysisRunner has terminated.
Mono: successfully reloaded assembly
- Completed reload, in  1.019 seconds
Platform modules already initialized, skipping
Refreshing native plugins compatible for Editor in 0.39 ms, found 1 plugins.
Preloading 0 native plugins for Editor in 0.00 ms.
Unloading 1809 Unused Serialized files (Serialized files now loaded: 0)
System memory in use before: 89.8 MB.
System memory in use after: 89.9 MB.

Unloading 9 unused Assets to reduce memory usage. Loaded Objects now: 2412.
Total: 2.303400 ms (FindLiveObjects: 0.296200 ms CreateObjectMapping: 0.077500 ms MarkObjects: 1.842400 ms  DeleteObjects: 0.085700 ms)

========================================================================
Received Import Request.
  Time since last request: 1306.806073 seconds.
  path: Assets/Prefab/Levels/Level1.prefab
  artifactKey: Guid(281cf064d5bf43c44a1ffd356acd06ed) Importer(815301076,1909f56bfc062723c751e8b465ee728b)
Start importing Assets/Prefab/Levels/Level1.prefab using Guid(281cf064d5bf43c44a1ffd356acd06ed) Importer(815301076,1909f56bfc062723c751e8b465ee728b)  -> (artifact id: '1e931570a052667d80953fdf44ab01a4') in 0.096098 seconds
  Import took 0.108376 seconds .

========================================================================
Received Import Request.
  Time since last request: 2.331711 seconds.
  path: Assets/Prefab/Levels/Level1.prefab
  artifactKey: Guid(281cf064d5bf43c44a1ffd356acd06ed) Importer(815301076,1909f56bfc062723c751e8b465ee728b)
Start importing Assets/Prefab/Levels/Level1.prefab using Guid(281cf064d5bf43c44a1ffd356acd06ed) Importer(815301076,1909f56bfc062723c751e8b465ee728b)  -> (artifact id: 'adde09eeed5f87998637aea62f1c7e26') in 0.035500 seconds
  Import took 0.067418 seconds .

========================================================================
Received Prepare
Registering precompiled user dll's ...
Registered in 0.001249 seconds.
Begin MonoManager ReloadAssembly
Native extension for WindowsStandalone target not found
Native extension for WebGL target not found
Refreshing native plugins compatible for Editor in 0.42 ms, found 1 plugins.
Preloading 0 native plugins for Editor in 0.00 ms.
Invoked RoslynAnalysisRunner static constructor.
RoslynAnalysisRunner will not be running.
RoslynAnalysisRunner has terminated.
Mono: successfully reloaded assembly
- Completed reload, in  1.141 seconds
Platform modules already initialized, skipping
Refreshing native plugins compatible for Editor in 0.35 ms, found 1 plugins.
Preloading 0 native plugins for Editor in 0.00 ms.
Unloading 1809 Unused Serialized files (Serialized files now loaded: 0)
System memory in use before: 89.9 MB.
System memory in use after: 89.9 MB.

Unloading 9 unused Assets to reduce memory usage. Loaded Objects now: 2418.
Total: 2.017000 ms (FindLiveObjects: 0.205200 ms CreateObjectMapping: 0.080700 ms MarkObjects: 1.633700 ms  DeleteObjects: 0.095800 ms)

========================================================================
Received Prepare
Registering precompiled user dll's ...
Registered in 0.001520 seconds.
Begin MonoManager ReloadAssembly
Native extension for WindowsStandalone target not found
Native extension for WebGL target not found
Refreshing native plugins compatible for Editor in 0.46 ms, found 1 plugins.
Preloading 0 native plugins for Editor in 0.00 ms.
Invoked RoslynAnalysisRunner static constructor.
RoslynAnalysisRunner will not be running.
RoslynAnalysisRunner has terminated.
Mono: successfully reloaded assembly
- Completed reload, in  1.091 seconds
Platform modules already initialized, skipping
Refreshing native plugins compatible for Editor in 0.58 ms, found 1 plugins.
Preloading 0 native plugins for Editor in 0.00 ms.
Unloading 1809 Unused Serialized files (Serialized files now loaded: 0)
System memory in use before: 89.9 MB.
System memory in use after: 89.9 MB.

Unloading 9 unused Assets to reduce memory usage. Loaded Objects now: 2422.
Total: 2.568800 ms (FindLiveObjects: 0.283100 ms CreateObjectMapping: 0.224400 ms MarkObjects: 1.950100 ms  DeleteObjects: 0.109600 ms)

========================================================================
Received Prepare
Registering precompiled user dll's ...
Registered in 0.001990 seconds.
Begin MonoManager ReloadAssembly
Native extension for WindowsStandalone target not found
Native extension for WebGL target not found
Refreshing native plugins compatible for Editor in 0.34 ms, found 1 plugins.
Preloading 0 native plugins for Editor in 0.00 ms.
Invoked RoslynAnalysisRunner static constructor.
RoslynAnalysisRunner will not be running.
RoslynAnalysisRunner has terminated.
Mono: successfully reloaded assembly
- Completed reload, in  1.423 seconds
Platform modules already initialized, skipping
Refreshing native plugins compatible for Editor in 0.35 ms, found 1 plugins.
Preloading 0 native plugins for Editor in 0.00 ms.
Unloading 1809 Unused Serialized files (Serialized files now loaded: 0)
System memory in use before: 89.9 MB.
System memory in use after: 89.9 MB.

Unloading 9 unused Assets to reduce memory usage. Loaded Objects now: 2426.
Total: 2.342500 ms (FindLiveObjects: 0.212300 ms CreateObjectMapping: 0.141000 ms MarkObjects: 1.900000 ms  DeleteObjects: 0.081600 ms)

========================================================================
Received Prepare
Registering precompiled user dll's ...
Registered in 0.001193 seconds.
Begin MonoManager ReloadAssembly
Native extension for WindowsStandalone target not found
Native extension for WebGL target not found
Refreshing native plugins compatible for Editor in 0.34 ms, found 1 plugins.
Preloading 0 native plugins for Editor in 0.00 ms.
Invoked RoslynAnalysisRunner static constructor.
RoslynAnalysisRunner will not be running.
RoslynAnalysisRunner has terminated.
Mono: successfully reloaded assembly
- Completed reload, in  1.054 seconds
Platform modules already initialized, skipping
Refreshing native plugins compatible for Editor in 0.37 ms, found 1 plugins.
Preloading 0 native plugins for Editor in 0.00 ms.
Unloading 1809 Unused Serialized files (Serialized files now loaded: 0)
System memory in use before: 89.9 MB.
System memory in use after: 90.0 MB.

Unloading 9 unused Assets to reduce memory usage. Loaded Objects now: 2430.
Total: 2.132500 ms (FindLiveObjects: 0.240700 ms CreateObjectMapping: 0.091200 ms MarkObjects: 1.664600 ms  DeleteObjects: 0.134700 ms)

========================================================================
Received Prepare
Registering precompiled user dll's ...
Registered in 0.001205 seconds.
Begin MonoManager ReloadAssembly
Native extension for WindowsStandalone target not found
Native extension for WebGL target not found
Refreshing native plugins compatible for Editor in 0.34 ms, found 1 plugins.
Preloading 0 native plugins for Editor in 0.00 ms.
Invoked RoslynAnalysisRunner static constructor.
RoslynAnalysisRunner will not be running.
RoslynAnalysisRunner has terminated.
Mono: successfully reloaded assembly
- Completed reload, in  0.946 seconds
Platform modules already initialized, skipping
Refreshing native plugins compatible for Editor in 0.36 ms, found 1 plugins.
Preloading 0 native plugins for Editor in 0.00 ms.
Unloading 1809 Unused Serialized files (Serialized files now loaded: 0)
System memory in use before: 89.9 MB.
System memory in use after: 90.0 MB.

Unloading 9 unused Assets to reduce memory usage. Loaded Objects now: 2434.
Total: 2.645900 ms (FindLiveObjects: 0.214500 ms CreateObjectMapping: 0.073800 ms MarkObjects: 2.254700 ms  DeleteObjects: 0.101100 ms)

========================================================================
Received Import Request.
  Time since last request: 758.869077 seconds.
  path: Assets/Scenes/MainMenu.unity
  artifactKey: Guid(7f7f3a9a5670d1c45875adc3b68f132c) Importer(815301076,1909f56bfc062723c751e8b465ee728b)
Start importing Assets/Scenes/MainMenu.unity using Guid(7f7f3a9a5670d1c45875adc3b68f132c) Importer(815301076,1909f56bfc062723c751e8b465ee728b)  -> (artifact id: 'fab8f09fc3f36c3d70a217de32da7625') in 0.019194 seconds
  Import took 0.029348 seconds .

========================================================================
Received Prepare
Registering precompiled user dll's ...
Registered in 0.001421 seconds.
Begin MonoManager ReloadAssembly
Native extension for WindowsStandalone target not found
Native extension for WebGL target not found
Refreshing native plugins compatible for Editor in 0.34 ms, found 1 plugins.
Preloading 0 native plugins for Editor in 0.00 ms.
Invoked RoslynAnalysisRunner static constructor.
RoslynAnalysisRunner will not be running.
RoslynAnalysisRunner has terminated.
Mono: successfully reloaded assembly
- Completed reload, in  0.982 seconds
Platform modules already initialized, skipping
Refreshing native plugins compatible for Editor in 0.37 ms, found 1 plugins.
Preloading 0 native plugins for Editor in 0.00 ms.
Unloading 1809 Unused Serialized files (Serialized files now loaded: 0)
System memory in use before: 89.9 MB.
System memory in use after: 90.0 MB.

Unloading 9 unused Assets to reduce memory usage. Loaded Objects now: 2438.
Total: 2.287400 ms (FindLiveObjects: 0.194200 ms CreateObjectMapping: 0.071600 ms MarkObjects: 1.914200 ms  DeleteObjects: 0.106100 ms)

========================================================================
Received Prepare
Registering precompiled user dll's ...
Registered in 0.001232 seconds.
Begin MonoManager ReloadAssembly
Native extension for WindowsStandalone target not found
Native extension for WebGL target not found
Refreshing native plugins compatible for Editor in 0.35 ms, found 1 plugins.
Preloading 0 native plugins for Editor in 0.00 ms.
Invoked RoslynAnalysisRunner static constructor.
RoslynAnalysisRunner will not be running.
RoslynAnalysisRunner has terminated.
Mono: successfully reloaded assembly
- Completed reload, in  0.964 seconds
Platform modules already initialized, skipping
Refreshing native plugins compatible for Editor in 0.34 ms, found 1 plugins.
Preloading 0 native plugins for Editor in 0.00 ms.
Unloading 1809 Unused Serialized files (Serialized files now loaded: 0)
System memory in use before: 89.9 MB.
System memory in use after: 90.0 MB.

Unloading 9 unused Assets to reduce memory usage. Loaded Objects now: 2442.
Total: 2.362400 ms (FindLiveObjects: 0.211300 ms CreateObjectMapping: 0.082700 ms MarkObjects: 1.956300 ms  DeleteObjects: 0.110900 ms)

========================================================================
Received Prepare
Registering precompiled user dll's ...
Registered in 0.002295 seconds.
Begin MonoManager ReloadAssembly
Native extension for WindowsStandalone target not found
Native extension for WebGL target not found
Refreshing native plugins compatible for Editor in 0.35 ms, found 1 plugins.
Preloading 0 native plugins for Editor in 0.00 ms.
Invoked RoslynAnalysisRunner static constructor.
RoslynAnalysisRunner will not be running.
RoslynAnalysisRunner has terminated.
Mono: successfully reloaded assembly
- Completed reload, in  1.305 seconds
Platform modules already initialized, skipping
Refreshing native plugins compatible for Editor in 0.36 ms, found 1 plugins.
Preloading 0 native plugins for Editor in 0.00 ms.
Unloading 1809 Unused Serialized files (Serialized files now loaded: 0)
System memory in use before: 89.9 MB.
System memory in use after: 90.0 MB.

Unloading 9 unused Assets to reduce memory usage. Loaded Objects now: 2446.
Total: 2.223400 ms (FindLiveObjects: 0.189600 ms CreateObjectMapping: 0.068000 ms MarkObjects: 1.884500 ms  DeleteObjects: 0.079600 ms)

========================================================================
Received Prepare
Registering precompiled user dll's ...
Registered in 0.001176 seconds.
Begin MonoManager ReloadAssembly
Native extension for WindowsStandalone target not found
Native extension for WebGL target not found
Refreshing native plugins compatible for Editor in 0.35 ms, found 1 plugins.
Preloading 0 native plugins for Editor in 0.00 ms.
Invoked RoslynAnalysisRunner static constructor.
RoslynAnalysisRunner will not be running.
RoslynAnalysisRunner has terminated.
Mono: successfully reloaded assembly
- Completed reload, in  0.943 seconds
Platform modules already initialized, skipping
Refreshing native plugins compatible for Editor in 0.40 ms, found 1 plugins.
Preloading 0 native plugins for Editor in 0.00 ms.
Unloading 1809 Unused Serialized files (Serialized files now loaded: 0)
System memory in use before: 89.9 MB.
System memory in use after: 90.0 MB.

Unloading 9 unused Assets to reduce memory usage. Loaded Objects now: 2450.
Total: 2.231900 ms (FindLiveObjects: 0.228000 ms CreateObjectMapping: 0.083000 ms MarkObjects: 1.823900 ms  DeleteObjects: 0.095000 ms)

========================================================================
Received Import Request.
  Time since last request: 1506.218884 seconds.
  path: Assets/Sound/Sound.mixer
  artifactKey: Guid(4fa4ba6c8c7c6464db71d18ea94cd29c) Importer(815301076,1909f56bfc062723c751e8b465ee728b)
Start importing Assets/Sound/Sound.mixer using Guid(4fa4ba6c8c7c6464db71d18ea94cd29c) Importer(815301076,1909f56bfc062723c751e8b465ee728b)  -> (artifact id: 'd22e4aacba6c30c8313a5b240b46da42') in 0.022806 seconds
  Import took 0.033776 seconds .

========================================================================
Received Prepare
Registering precompiled user dll's ...
Registered in 0.001351 seconds.
Begin MonoManager ReloadAssembly
Native extension for WindowsStandalone target not found
Native extension for WebGL target not found
Refreshing native plugins compatible for Editor in 0.46 ms, found 1 plugins.
Preloading 0 native plugins for Editor in 0.00 ms.
Invoked RoslynAnalysisRunner static constructor.
RoslynAnalysisRunner will not be running.
RoslynAnalysisRunner has terminated.
Mono: successfully reloaded assembly
- Completed reload, in  1.059 seconds
Platform modules already initialized, skipping
Refreshing native plugins compatible for Editor in 0.39 ms, found 1 plugins.
Preloading 0 native plugins for Editor in 0.00 ms.
Unloading 1809 Unused Serialized files (Serialized files now loaded: 0)
System memory in use before: 89.9 MB.
System memory in use after: 90.0 MB.

Unloading 9 unused Assets to reduce memory usage. Loaded Objects now: 2454.
Total: 2.239700 ms (FindLiveObjects: 0.200800 ms CreateObjectMapping: 0.077600 ms MarkObjects: 1.854400 ms  DeleteObjects: 0.105400 ms)

========================================================================
Received Prepare
Registering precompiled user dll's ...
Registered in 0.001222 seconds.
Begin MonoManager ReloadAssembly
Native extension for WindowsStandalone target not found
Native extension for WebGL target not found
Refreshing native plugins compatible for Editor in 0.97 ms, found 1 plugins.
Preloading 0 native plugins for Editor in 0.00 ms.
Invoked RoslynAnalysisRunner static constructor.
RoslynAnalysisRunner will not be running.
RoslynAnalysisRunner has terminated.
Mono: successfully reloaded assembly
- Completed reload, in  1.107 seconds
Platform modules already initialized, skipping
Refreshing native plugins compatible for Editor in 0.42 ms, found 1 plugins.
Preloading 0 native plugins for Editor in 0.00 ms.
Unloading 1810 Unused Serialized files (Serialized files now loaded: 0)
System memory in use before: 90.0 MB.
System memory in use after: 90.0 MB.

Unloading 9 unused Assets to reduce memory usage. Loaded Objects now: 2459.
Total: 2.527300 ms (FindLiveObjects: 0.224800 ms CreateObjectMapping: 0.090800 ms MarkObjects: 2.115200 ms  DeleteObjects: 0.095000 ms)

========================================================================
Received Import Request.
  Time since last request: 586.793879 seconds.
  path: Assets/Graph/VolumeOff.png
  artifactKey: Guid(b06f65c3911e5d048987630f13e01de9) Importer(815301076,1909f56bfc062723c751e8b465ee728b)
Start importing Assets/Graph/VolumeOff.png using Guid(b06f65c3911e5d048987630f13e01de9) Importer(815301076,1909f56bfc062723c751e8b465ee728b)  -> (artifact id: '28a3ef44eeb549d2278d3926ec4ac190') in 0.077611 seconds
  Import took 0.087435 seconds .

========================================================================
Received Prepare
Registering precompiled user dll's ...
Registered in 0.001722 seconds.
Begin MonoManager ReloadAssembly
Native extension for WindowsStandalone target not found
Native extension for WebGL target not found
Refreshing native plugins compatible for Editor in 0.41 ms, found 1 plugins.
Preloading 0 native plugins for Editor in 0.00 ms.
Invoked RoslynAnalysisRunner static constructor.
RoslynAnalysisRunner will not be running.
RoslynAnalysisRunner has terminated.
Mono: successfully reloaded assembly
- Completed reload, in  1.068 seconds
Platform modules already initialized, skipping
Refreshing native plugins compatible for Editor in 0.37 ms, found 1 plugins.
Preloading 0 native plugins for Editor in 0.00 ms.
Unloading 1810 Unused Serialized files (Serialized files now loaded: 0)
System memory in use before: 90.0 MB.
System memory in use after: 90.1 MB.

Unloading 9 unused Assets to reduce memory usage. Loaded Objects now: 2464.
Total: 6.155400 ms (FindLiveObjects: 0.202700 ms CreateObjectMapping: 0.071000 ms MarkObjects: 5.772400 ms  DeleteObjects: 0.107800 ms)

========================================================================
Received Prepare
Registering precompiled user dll's ...
Registered in 0.001457 seconds.
Begin MonoManager ReloadAssembly
Native extension for WindowsStandalone target not found
Native extension for WebGL target not found
Refreshing native plugins compatible for Editor in 0.36 ms, found 1 plugins.
Preloading 0 native plugins for Editor in 0.00 ms.
Invoked RoslynAnalysisRunner static constructor.
RoslynAnalysisRunner will not be running.
RoslynAnalysisRunner has terminated.
Mono: successfully reloaded assembly
- Completed reload, in  1.138 seconds
Platform modules already initialized, skipping
Refreshing native plugins compatible for Editor in 0.35 ms, found 1 plugins.
Preloading 0 native plugins for Editor in 0.00 ms.
Unloading 1810 Unused Serialized files (Serialized files now loaded: 0)
System memory in use before: 90.0 MB.
System memory in use after: 90.1 MB.

Unloading 9 unused Assets to reduce memory usage. Loaded Objects now: 2468.
Total: 2.169200 ms (FindLiveObjects: 0.215200 ms CreateObjectMapping: 0.084600 ms MarkObjects: 1.774100 ms  DeleteObjects: 0.093800 ms)

========================================================================
Received Prepare
Registering precompiled user dll's ...
Registered in 0.001196 seconds.
Begin MonoManager ReloadAssembly
Native extension for WindowsStandalone target not found
Native extension for WebGL target not found
Refreshing native plugins compatible for Editor in 0.37 ms, found 1 plugins.
Preloading 0 native plugins for Editor in 0.00 ms.
Invoked RoslynAnalysisRunner static constructor.
RoslynAnalysisRunner will not be running.
RoslynAnalysisRunner has terminated.
Mono: successfully reloaded assembly
- Completed reload, in  1.058 seconds
Platform modules already initialized, skipping
Refreshing native plugins compatible for Editor in 0.39 ms, found 1 plugins.
Preloading 0 native plugins for Editor in 0.00 ms.
Unloading 1810 Unused Serialized files (Serialized files now loaded: 0)
System memory in use before: 90.0 MB.
System memory in use after: 90.1 MB.

Unloading 9 unused Assets to reduce memory usage. Loaded Objects now: 2472.
Total: 2.599100 ms (FindLiveObjects: 0.193500 ms CreateObjectMapping: 0.067500 ms MarkObjects: 2.160800 ms  DeleteObjects: 0.175700 ms)

========================================================================
Received Prepare
Registering precompiled user dll's ...
Registered in 0.001231 seconds.
Begin MonoManager ReloadAssembly
Native extension for WindowsStandalone target not found
Native extension for WebGL target not found
Refreshing native plugins compatible for Editor in 0.34 ms, found 1 plugins.
Preloading 0 native plugins for Editor in 0.00 ms.
Invoked RoslynAnalysisRunner static constructor.
RoslynAnalysisRunner will not be running.
RoslynAnalysisRunner has terminated.
Mono: successfully reloaded assembly
- Completed reload, in  1.003 seconds
Platform modules already initialized, skipping
Refreshing native plugins compatible for Editor in 0.41 ms, found 1 plugins.
Preloading 0 native plugins for Editor in 0.00 ms.
Unloading 1810 Unused Serialized files (Serialized files now loaded: 0)
System memory in use before: 90.0 MB.
System memory in use after: 90.1 MB.

Unloading 9 unused Assets to reduce memory usage. Loaded Objects now: 2476.
Total: 2.169200 ms (FindLiveObjects: 0.208100 ms CreateObjectMapping: 0.077600 ms MarkObjects: 1.773200 ms  DeleteObjects: 0.108900 ms)

========================================================================
Received Prepare
Registering precompiled user dll's ...
Registered in 0.001349 seconds.
Begin MonoManager ReloadAssembly
Native extension for WindowsStandalone target not found
Native extension for WebGL target not found
Refreshing native plugins compatible for Editor in 0.35 ms, found 1 plugins.
Preloading 0 native plugins for Editor in 0.00 ms.
Invoked RoslynAnalysisRunner static constructor.
RoslynAnalysisRunner will not be running.
RoslynAnalysisRunner has terminated.
Mono: successfully reloaded assembly
- Completed reload, in  1.041 seconds
Platform modules already initialized, skipping
Refreshing native plugins compatible for Editor in 0.44 ms, found 1 plugins.
Preloading 0 native plugins for Editor in 0.00 ms.
Unloading 1810 Unused Serialized files (Serialized files now loaded: 0)
System memory in use before: 90.0 MB.
System memory in use after: 90.1 MB.

Unloading 9 unused Assets to reduce memory usage. Loaded Objects now: 2480.
Total: 1.942300 ms (FindLiveObjects: 0.207100 ms CreateObjectMapping: 0.078100 ms MarkObjects: 1.581600 ms  DeleteObjects: 0.074100 ms)

========================================================================
Received Prepare
Registering precompiled user dll's ...
Registered in 0.001150 seconds.
Begin MonoManager ReloadAssembly
Native extension for WindowsStandalone target not found
Native extension for WebGL target not found
Refreshing native plugins compatible for Editor in 0.37 ms, found 1 plugins.
Preloading 0 native plugins for Editor in 0.00 ms.
Invoked RoslynAnalysisRunner static constructor.
RoslynAnalysisRunner will not be running.
RoslynAnalysisRunner has terminated.
Mono: successfully reloaded assembly
- Completed reload, in  0.974 seconds
Platform modules already initialized, skipping
Refreshing native plugins compatible for Editor in 0.38 ms, found 1 plugins.
Preloading 0 native plugins for Editor in 0.00 ms.
Unloading 1810 Unused Serialized files (Serialized files now loaded: 0)
System memory in use before: 90.0 MB.
System memory in use after: 90.1 MB.

Unloading 9 unused Assets to reduce memory usage. Loaded Objects now: 2484.
Total: 2.323400 ms (FindLiveObjects: 0.227500 ms CreateObjectMapping: 0.127600 ms MarkObjects: 1.875700 ms  DeleteObjects: 0.078200 ms)

========================================================================
Received Prepare
Registering precompiled user dll's ...
Registered in 0.001403 seconds.
Begin MonoManager ReloadAssembly
Native extension for WindowsStandalone target not found
Native extension for WebGL target not found
Refreshing native plugins compatible for Editor in 0.73 ms, found 1 plugins.
Preloading 0 native plugins for Editor in 0.00 ms.
Invoked RoslynAnalysisRunner static constructor.
RoslynAnalysisRunner will not be running.
RoslynAnalysisRunner has terminated.
Mono: successfully reloaded assembly
- Completed reload, in  1.083 seconds
Platform modules already initialized, skipping
Refreshing native plugins compatible for Editor in 0.37 ms, found 1 plugins.
Preloading 0 native plugins for Editor in 0.00 ms.
Unloading 1810 Unused Serialized files (Serialized files now loaded: 0)
System memory in use before: 90.0 MB.
System memory in use after: 90.1 MB.

Unloading 9 unused Assets to reduce memory usage. Loaded Objects now: 2488.
Total: 2.247000 ms (FindLiveObjects: 0.225500 ms CreateObjectMapping: 0.094900 ms MarkObjects: 1.814000 ms  DeleteObjects: 0.111500 ms)

========================================================================
Received Prepare
Registering precompiled user dll's ...
Registered in 0.001191 seconds.
Begin MonoManager ReloadAssembly
Native extension for WindowsStandalone target not found
Native extension for WebGL target not found
Refreshing native plugins compatible for Editor in 0.34 ms, found 1 plugins.
Preloading 0 native plugins for Editor in 0.00 ms.
Invoked RoslynAnalysisRunner static constructor.
RoslynAnalysisRunner will not be running.
RoslynAnalysisRunner has terminated.
Mono: successfully reloaded assembly
- Completed reload, in  0.958 seconds
Platform modules already initialized, skipping
Refreshing native plugins compatible for Editor in 0.37 ms, found 1 plugins.
Preloading 0 native plugins for Editor in 0.00 ms.
Unloading 1810 Unused Serialized files (Serialized files now loaded: 0)
System memory in use before: 90.0 MB.
System memory in use after: 90.1 MB.

Unloading 9 unused Assets to reduce memory usage. Loaded Objects now: 2492.
Total: 2.174900 ms (FindLiveObjects: 0.277900 ms CreateObjectMapping: 0.088300 ms MarkObjects: 1.658700 ms  DeleteObjects: 0.148400 ms)

========================================================================
Received Prepare
Registering precompiled user dll's ...
Registered in 0.001441 seconds.
Begin MonoManager ReloadAssembly
Native extension for WindowsStandalone target not found
Native extension for WebGL target not found
Refreshing native plugins compatible for Editor in 0.38 ms, found 1 plugins.
Preloading 0 native plugins for Editor in 0.00 ms.
Invoked RoslynAnalysisRunner static constructor.
RoslynAnalysisRunner will not be running.
RoslynAnalysisRunner has terminated.
Mono: successfully reloaded assembly
- Completed reload, in  0.986 seconds
Platform modules already initialized, skipping
Refreshing native plugins compatible for Editor in 0.47 ms, found 1 plugins.
Preloading 0 native plugins for Editor in 0.00 ms.
Unloading 1810 Unused Serialized files (Serialized files now loaded: 0)
System memory in use before: 90.0 MB.
System memory in use after: 90.1 MB.

Unloading 9 unused Assets to reduce memory usage. Loaded Objects now: 2496.
Total: 2.221900 ms (FindLiveObjects: 0.242500 ms CreateObjectMapping: 0.076200 ms MarkObjects: 1.808000 ms  DeleteObjects: 0.093400 ms)

========================================================================
Received Prepare
Registering precompiled user dll's ...
Registered in 0.001152 seconds.
Begin MonoManager ReloadAssembly
Native extension for WindowsStandalone target not found
Native extension for WebGL target not found
Refreshing native plugins compatible for Editor in 0.42 ms, found 1 plugins.
Preloading 0 native plugins for Editor in 0.00 ms.
Invoked RoslynAnalysisRunner static constructor.
RoslynAnalysisRunner will not be running.
RoslynAnalysisRunner has terminated.
Mono: successfully reloaded assembly
- Completed reload, in  0.997 seconds
Platform modules already initialized, skipping
Refreshing native plugins compatible for Editor in 0.55 ms, found 1 plugins.
Preloading 0 native plugins for Editor in 0.00 ms.
Unloading 1810 Unused Serialized files (Serialized files now loaded: 0)
System memory in use before: 90.0 MB.
System memory in use after: 90.1 MB.

Unloading 9 unused Assets to reduce memory usage. Loaded Objects now: 2500.
Total: 2.162700 ms (FindLiveObjects: 0.208400 ms CreateObjectMapping: 0.070300 ms MarkObjects: 1.743900 ms  DeleteObjects: 0.138900 ms)

========================================================================
Received Prepare
Registering precompiled user dll's ...
Registered in 0.001866 seconds.
Begin MonoManager ReloadAssembly
Native extension for WindowsStandalone target not found
Native extension for WebGL target not found
Refreshing native plugins compatible for Editor in 0.49 ms, found 1 plugins.
Preloading 0 native plugins for Editor in 0.00 ms.
Invoked RoslynAnalysisRunner static constructor.
RoslynAnalysisRunner will not be running.
RoslynAnalysisRunner has terminated.
Mono: successfully reloaded assembly
- Completed reload, in  1.279 seconds
Platform modules already initialized, skipping
Refreshing native plugins compatible for Editor in 0.35 ms, found 1 plugins.
Preloading 0 native plugins for Editor in 0.00 ms.
Unloading 1810 Unused Serialized files (Serialized files now loaded: 0)
System memory in use before: 90.1 MB.
System memory in use after: 90.1 MB.

Unloading 9 unused Assets to reduce memory usage. Loaded Objects now: 2504.
Total: 2.478400 ms (FindLiveObjects: 0.239400 ms CreateObjectMapping: 0.097800 ms MarkObjects: 2.058300 ms  DeleteObjects: 0.080900 ms)

========================================================================
Received Import Request.
  Time since last request: 573.128051 seconds.
  path: Assets/Scenes/GameScene.unity
  artifactKey: Guid(2cda990e2423bbf4892e6590ba056729) Importer(815301076,1909f56bfc062723c751e8b465ee728b)
Start importing Assets/Scenes/GameScene.unity using Guid(2cda990e2423bbf4892e6590ba056729) Importer(815301076,1909f56bfc062723c751e8b465ee728b)  -> (artifact id: '7296394fe0fe135e8e9b8b0ef0ec4de8') in 0.017265 seconds
  Import took 0.029102 seconds .

========================================================================
Received Import Request.
  Time since last request: 136.007784 seconds.
  path: Assets/Scenes/MainMenu.unity
  artifactKey: Guid(7f7f3a9a5670d1c45875adc3b68f132c) Importer(815301076,1909f56bfc062723c751e8b465ee728b)
Start importing Assets/Scenes/MainMenu.unity using Guid(7f7f3a9a5670d1c45875adc3b68f132c) Importer(815301076,1909f56bfc062723c751e8b465ee728b)  -> (artifact id: '75220751d8920e81c4c329e9f2567827') in 0.012014 seconds
  Import took 0.023512 seconds .

========================================================================
Received Import Request.
  Time since last request: 109.232319 seconds.
  path: Assets/Scenes/GameScene.unity
  artifactKey: Guid(2cda990e2423bbf4892e6590ba056729) Importer(815301076,1909f56bfc062723c751e8b465ee728b)
Start importing Assets/Scenes/GameScene.unity using Guid(2cda990e2423bbf4892e6590ba056729) Importer(815301076,1909f56bfc062723c751e8b465ee728b)  -> (artifact id: 'fc890ad076b1ce26af6160fcf47ad16e') in 0.005552 seconds
  Import took 0.017715 seconds .

========================================================================
Received Import Request.
  Time since last request: 20.102797 seconds.
  path: Assets/Sound/Sound.mixer
  artifactKey: Guid(4fa4ba6c8c7c6464db71d18ea94cd29c) Importer(815301076,1909f56bfc062723c751e8b465ee728b)
Start importing Assets/Sound/Sound.mixer using Guid(4fa4ba6c8c7c6464db71d18ea94cd29c) Importer(815301076,1909f56bfc062723c751e8b465ee728b)  -> (artifact id: 'dd6d8b63abcbe6db00cbab558c91582a') in 0.005803 seconds
  Import took 0.016569 seconds .

========================================================================
Received Prepare
Registering precompiled user dll's ...
Registered in 0.001220 seconds.
Begin MonoManager ReloadAssembly
Native extension for WindowsStandalone target not found
Native extension for WebGL target not found
Refreshing native plugins compatible for Editor in 0.35 ms, found 1 plugins.
Preloading 0 native plugins for Editor in 0.00 ms.
Invoked RoslynAnalysisRunner static constructor.
RoslynAnalysisRunner will not be running.
RoslynAnalysisRunner has terminated.
Mono: successfully reloaded assembly
- Completed reload, in  1.124 seconds
Platform modules already initialized, skipping
Refreshing native plugins compatible for Editor in 0.42 ms, found 1 plugins.
Preloading 0 native plugins for Editor in 0.00 ms.
Unloading 1810 Unused Serialized files (Serialized files now loaded: 0)
System memory in use before: 90.1 MB.
System memory in use after: 90.1 MB.

Unloading 9 unused Assets to reduce memory usage. Loaded Objects now: 2508.
Total: 2.157100 ms (FindLiveObjects: 0.204800 ms CreateObjectMapping: 0.114800 ms MarkObjects: 1.722700 ms  DeleteObjects: 0.113500 ms)

========================================================================
Received Import Request.
  Time since last request: 9.653022 seconds.
  path: Assets/Prefab/JellyFish.prefab
  artifactKey: Guid(531834984ad0f2e4dacec4fb578c22ea) Importer(815301076,1909f56bfc062723c751e8b465ee728b)
Start importing Assets/Prefab/JellyFish.prefab using Guid(531834984ad0f2e4dacec4fb578c22ea) Importer(815301076,1909f56bfc062723c751e8b465ee728b)  -> (artifact id: '3dd3e77358c48d4d78e1917a757c6beb') in 0.114778 seconds
  Import took 0.129432 seconds .

========================================================================
Received Prepare
Registering precompiled user dll's ...
Registered in 0.001258 seconds.
Begin MonoManager ReloadAssembly
Native extension for WindowsStandalone target not found
Native extension for WebGL target not found
Refreshing native plugins compatible for Editor in 0.34 ms, found 1 plugins.
Preloading 0 native plugins for Editor in 0.00 ms.
Invoked RoslynAnalysisRunner static constructor.
RoslynAnalysisRunner will not be running.
RoslynAnalysisRunner has terminated.
Mono: successfully reloaded assembly
- Completed reload, in  0.965 seconds
Platform modules already initialized, skipping
Refreshing native plugins compatible for Editor in 0.38 ms, found 1 plugins.
Preloading 0 native plugins for Editor in 0.00 ms.
Unloading 1810 Unused Serialized files (Serialized files now loaded: 0)
System memory in use before: 90.1 MB.
System memory in use after: 90.2 MB.

Unloading 9 unused Assets to reduce memory usage. Loaded Objects now: 2513.
Total: 2.003000 ms (FindLiveObjects: 0.198700 ms CreateObjectMapping: 0.070800 ms MarkObjects: 1.633800 ms  DeleteObjects: 0.098300 ms)

========================================================================
Received Prepare
Registering precompiled user dll's ...
Registered in 0.001460 seconds.
Begin MonoManager ReloadAssembly
Native extension for WindowsStandalone target not found
Native extension for WebGL target not found
Refreshing native plugins compatible for Editor in 0.35 ms, found 1 plugins.
Preloading 0 native plugins for Editor in 0.00 ms.
Invoked RoslynAnalysisRunner static constructor.
RoslynAnalysisRunner will not be running.
RoslynAnalysisRunner has terminated.
Mono: successfully reloaded assembly
- Completed reload, in  1.055 seconds
Platform modules already initialized, skipping
Refreshing native plugins compatible for Editor in 1.72 ms, found 1 plugins.
Preloading 0 native plugins for Editor in 0.00 ms.
Unloading 1810 Unused Serialized files (Serialized files now loaded: 0)
System memory in use before: 90.1 MB.
System memory in use after: 90.2 MB.

Unloading 9 unused Assets to reduce memory usage. Loaded Objects now: 2517.
Total: 3.302200 ms (FindLiveObjects: 0.224200 ms CreateObjectMapping: 0.089800 ms MarkObjects: 2.898600 ms  DeleteObjects: 0.088000 ms)

========================================================================
Received Prepare
Registering precompiled user dll's ...
Registered in 0.001720 seconds.
Begin MonoManager ReloadAssembly
Native extension for WindowsStandalone target not found
Native extension for WebGL target not found
Refreshing native plugins compatible for Editor in 0.35 ms, found 1 plugins.
Preloading 0 native plugins for Editor in 0.00 ms.
Invoked RoslynAnalysisRunner static constructor.
RoslynAnalysisRunner will not be running.
RoslynAnalysisRunner has terminated.
Mono: successfully reloaded assembly
- Completed reload, in  1.057 seconds
Platform modules already initialized, skipping
Refreshing native plugins compatible for Editor in 0.40 ms, found 1 plugins.
Preloading 0 native plugins for Editor in 0.00 ms.
Unloading 1810 Unused Serialized files (Serialized files now loaded: 0)
System memory in use before: 90.1 MB.
System memory in use after: 90.2 MB.

Unloading 9 unused Assets to reduce memory usage. Loaded Objects now: 2521.
Total: 2.036100 ms (FindLiveObjects: 0.201100 ms CreateObjectMapping: 0.136600 ms MarkObjects: 1.607000 ms  DeleteObjects: 0.090200 ms)

========================================================================
Received Prepare
Registering precompiled user dll's ...
Registered in 0.002690 seconds.
Begin MonoManager ReloadAssembly
Native extension for WindowsStandalone target not found
Native extension for WebGL target not found
Refreshing native plugins compatible for Editor in 0.51 ms, found 1 plugins.
Preloading 0 native plugins for Editor in 0.00 ms.
Invoked RoslynAnalysisRunner static constructor.
RoslynAnalysisRunner will not be running.
RoslynAnalysisRunner has terminated.
Mono: successfully reloaded assembly
- Completed reload, in  0.936 seconds
Platform modules already initialized, skipping
Refreshing native plugins compatible for Editor in 0.37 ms, found 1 plugins.
Preloading 0 native plugins for Editor in 0.00 ms.
Unloading 1810 Unused Serialized files (Serialized files now loaded: 0)
System memory in use before: 90.1 MB.
System memory in use after: 90.2 MB.

Unloading 9 unused Assets to reduce memory usage. Loaded Objects now: 2525.
Total: 7.960000 ms (FindLiveObjects: 3.826800 ms CreateObjectMapping: 1.737200 ms MarkObjects: 2.265600 ms  DeleteObjects: 0.128700 ms)

========================================================================
Received Prepare
Registering precompiled user dll's ...
Registered in 0.001238 seconds.
Begin MonoManager ReloadAssembly
Native extension for WindowsStandalone target not found
Native extension for WebGL target not found
Refreshing native plugins compatible for Editor in 0.35 ms, found 1 plugins.
Preloading 0 native plugins for Editor in 0.00 ms.
Invoked RoslynAnalysisRunner static constructor.
RoslynAnalysisRunner will not be running.
RoslynAnalysisRunner has terminated.
Mono: successfully reloaded assembly
- Completed reload, in  0.937 seconds
Platform modules already initialized, skipping
Refreshing native plugins compatible for Editor in 0.37 ms, found 1 plugins.
Preloading 0 native plugins for Editor in 0.00 ms.
Unloading 1810 Unused Serialized files (Serialized files now loaded: 0)
System memory in use before: 90.1 MB.
System memory in use after: 90.2 MB.

Unloading 9 unused Assets to reduce memory usage. Loaded Objects now: 2529.
Total: 2.336200 ms (FindLiveObjects: 0.193400 ms CreateObjectMapping: 0.121800 ms MarkObjects: 1.905600 ms  DeleteObjects: 0.114300 ms)

========================================================================
Received Prepare
Registering precompiled user dll's ...
Registered in 0.001770 seconds.
Begin MonoManager ReloadAssembly
Native extension for WindowsStandalone target not found
Native extension for WebGL target not found
Refreshing native plugins compatible for Editor in 0.35 ms, found 1 plugins.
Preloading 0 native plugins for Editor in 0.00 ms.
Invoked RoslynAnalysisRunner static constructor.
RoslynAnalysisRunner will not be running.
RoslynAnalysisRunner has terminated.
Mono: successfully reloaded assembly
- Completed reload, in  1.149 seconds
Platform modules already initialized, skipping
Refreshing native plugins compatible for Editor in 0.39 ms, found 1 plugins.
Preloading 0 native plugins for Editor in 0.00 ms.
Unloading 1810 Unused Serialized files (Serialized files now loaded: 0)
System memory in use before: 90.1 MB.
System memory in use after: 90.2 MB.

Unloading 9 unused Assets to reduce memory usage. Loaded Objects now: 2533.
Total: 3.317300 ms (FindLiveObjects: 0.440100 ms CreateObjectMapping: 0.466100 ms MarkObjects: 2.281700 ms  DeleteObjects: 0.127500 ms)

========================================================================
Received Import Request.
  Time since last request: 432.089873 seconds.
  path: Assets/Prefab/Levels/Level1.prefab
  artifactKey: Guid(281cf064d5bf43c44a1ffd356acd06ed) Importer(815301076,1909f56bfc062723c751e8b465ee728b)
Start importing Assets/Prefab/Levels/Level1.prefab using Guid(281cf064d5bf43c44a1ffd356acd06ed) Importer(815301076,1909f56bfc062723c751e8b465ee728b)  -> (artifact id: '46def623dee7137f6183bcf05ff93bda') in 0.069722 seconds
  Import took 0.082924 seconds .

========================================================================
Received Import Request.
  Time since last request: 0.001288 seconds.
  path: Assets/Prefab/Levels/Level2.prefab
  artifactKey: Guid(67b1bf1b47a6ec7458072de1c636d6c0) Importer(815301076,1909f56bfc062723c751e8b465ee728b)
Start importing Assets/Prefab/Levels/Level2.prefab using Guid(67b1bf1b47a6ec7458072de1c636d6c0) Importer(815301076,1909f56bfc062723c751e8b465ee728b)  -> (artifact id: '364b8ab39adf532176aff960dd586ed2') in 0.017466 seconds
  Import took 0.029719 seconds .

========================================================================
Received Import Request.
  Time since last request: 6.011637 seconds.
  path: Assets/Prefab/Levels/Level2.prefab
  artifactKey: Guid(67b1bf1b47a6ec7458072de1c636d6c0) Importer(815301076,1909f56bfc062723c751e8b465ee728b)
Start importing Assets/Prefab/Levels/Level2.prefab using Guid(67b1bf1b47a6ec7458072de1c636d6c0) Importer(815301076,1909f56bfc062723c751e8b465ee728b)  -> (artifact id: '1631208631672ab9a4764d25e5ff3cb2') in 0.026111 seconds
  Import took 0.038054 seconds .

========================================================================
Received Import Request.
  Time since last request: 0.003888 seconds.
  path: Assets/Prefab/Levels/Level2.prefab
  artifactKey: Guid(67b1bf1b47a6ec7458072de1c636d6c0) Importer(815301076,1909f56bfc062723c751e8b465ee728b)
Start importing Assets/Prefab/Levels/Level2.prefab using Guid(67b1bf1b47a6ec7458072de1c636d6c0) Importer(815301076,1909f56bfc062723c751e8b465ee728b)  -> (artifact id: '1631208631672ab9a4764d25e5ff3cb2') in 0.029350 seconds
  Import took 0.042543 seconds .

========================================================================
Received Import Request.
  Time since last request: 35.484688 seconds.
  path: Assets/Prefab/SwordFish.prefab
  artifactKey: Guid(392932d583c03bd46b4da6cfb0de1934) Importer(815301076,1909f56bfc062723c751e8b465ee728b)
Start importing Assets/Prefab/SwordFish.prefab using Guid(392932d583c03bd46b4da6cfb0de1934) Importer(815301076,1909f56bfc062723c751e8b465ee728b)  -> (artifact id: 'c8a978db6153f8d0b2eafafdce1ef248') in 0.036713 seconds
  Import took 0.049209 seconds .

========================================================================
Received Prepare
Registering precompiled user dll's ...
Registered in 0.001383 seconds.
Begin MonoManager ReloadAssembly
Native extension for WindowsStandalone target not found
Native extension for WebGL target not found
Refreshing native plugins compatible for Editor in 0.34 ms, found 1 plugins.
Preloading 0 native plugins for Editor in 0.00 ms.
Invoked RoslynAnalysisRunner static constructor.
RoslynAnalysisRunner will not be running.
RoslynAnalysisRunner has terminated.
Mono: successfully reloaded assembly
- Completed reload, in  0.958 seconds
Platform modules already initialized, skipping
Refreshing native plugins compatible for Editor in 0.37 ms, found 1 plugins.
Preloading 0 native plugins for Editor in 0.00 ms.
Unloading 1810 Unused Serialized files (Serialized files now loaded: 0)
System memory in use before: 90.1 MB.
System memory in use after: 90.2 MB.

Unloading 9 unused Assets to reduce memory usage. Loaded Objects now: 2538.
Total: 2.656100 ms (FindLiveObjects: 0.218200 ms CreateObjectMapping: 0.075400 ms MarkObjects: 2.236800 ms  DeleteObjects: 0.110200 ms)

========================================================================
Received Prepare
Registering precompiled user dll's ...
Registered in 0.001274 seconds.
Begin MonoManager ReloadAssembly
Native extension for WindowsStandalone target not found
Native extension for WebGL target not found
Refreshing native plugins compatible for Editor in 0.43 ms, found 1 plugins.
Preloading 0 native plugins for Editor in 0.00 ms.
Invoked RoslynAnalysisRunner static constructor.
RoslynAnalysisRunner will not be running.
RoslynAnalysisRunner has terminated.
Mono: successfully reloaded assembly
- Completed reload, in  1.304 seconds
Platform modules already initialized, skipping
Refreshing native plugins compatible for Editor in 0.35 ms, found 1 plugins.
Preloading 0 native plugins for Editor in 0.00 ms.
Unloading 1810 Unused Serialized files (Serialized files now loaded: 0)
System memory in use before: 90.2 MB.
System memory in use after: 90.2 MB.

Unloading 9 unused Assets to reduce memory usage. Loaded Objects now: 2542.
Total: 3.726800 ms (FindLiveObjects: 0.342400 ms CreateObjectMapping: 0.086400 ms MarkObjects: 3.195500 ms  DeleteObjects: 0.100800 ms)

========================================================================
Received Prepare
Registering precompiled user dll's ...
Registered in 0.001248 seconds.
Begin MonoManager ReloadAssembly
Native extension for WindowsStandalone target not found
Native extension for WebGL target not found
Refreshing native plugins compatible for Editor in 0.62 ms, found 1 plugins.
Preloading 0 native plugins for Editor in 0.00 ms.
Invoked RoslynAnalysisRunner static constructor.
RoslynAnalysisRunner will not be running.
RoslynAnalysisRunner has terminated.
Mono: successfully reloaded assembly
- Completed reload, in  1.069 seconds
Platform modules already initialized, skipping
Refreshing native plugins compatible for Editor in 0.37 ms, found 1 plugins.
Preloading 0 native plugins for Editor in 0.00 ms.
Unloading 1810 Unused Serialized files (Serialized files now loaded: 0)
System memory in use before: 90.2 MB.
System memory in use after: 90.2 MB.

Unloading 9 unused Assets to reduce memory usage. Loaded Objects now: 2546.
Total: 2.190500 ms (FindLiveObjects: 0.239300 ms CreateObjectMapping: 0.081700 ms MarkObjects: 1.750600 ms  DeleteObjects: 0.117500 ms)

========================================================================
Received Import Request.
  Time since last request: 225.115978 seconds.
  path: Assets/Prefab/Levels/Level1.prefab
  artifactKey: Guid(281cf064d5bf43c44a1ffd356acd06ed) Importer(815301076,1909f56bfc062723c751e8b465ee728b)
Start importing Assets/Prefab/Levels/Level1.prefab using Guid(281cf064d5bf43c44a1ffd356acd06ed) Importer(815301076,1909f56bfc062723c751e8b465ee728b)  -> (artifact id: '3facedb574b421a8a48cad01cb53aafe') in 0.067703 seconds
  Import took 0.078277 seconds .

========================================================================
Received Import Request.
  Time since last request: 12.169561 seconds.
  path: Assets/Prefab/Levels/LevelDark.prefab
  artifactKey: Guid(c7030026912a6db4abb6a5a3730bb9a9) Importer(815301076,1909f56bfc062723c751e8b465ee728b)
Start importing Assets/Prefab/Levels/LevelDark.prefab using Guid(c7030026912a6db4abb6a5a3730bb9a9) Importer(815301076,1909f56bfc062723c751e8b465ee728b)  -> (artifact id: '331af6504d58bdad1ecf04b6fe42238e') in 0.036233 seconds
  Import took 0.048387 seconds .

========================================================================
Received Prepare
Refreshing native plugins compatible for Editor in 3.45 ms, found 1 plugins.
Preloading 0 native plugins for Editor in 0.00 ms.
Unloading 7 Unused Serialized files (Serialized files now loaded: 0)
System memory in use before: 55.0 MB.
System memory in use after: 55.1 MB.

Unloading 7 unused Assets to reduce memory usage. Loaded Objects now: 2547.
Total: 5.277000 ms (FindLiveObjects: 0.255500 ms CreateObjectMapping: 0.077800 ms MarkObjects: 3.292000 ms  DeleteObjects: 1.648800 ms)

========================================================================
Received Prepare
Registering precompiled user dll's ...
Registered in 0.001199 seconds.
Begin MonoManager ReloadAssembly
Native extension for WindowsStandalone target not found
Native extension for WebGL target not found
Refreshing native plugins compatible for Editor in 0.40 ms, found 1 plugins.
Preloading 0 native plugins for Editor in 0.00 ms.
Invoked RoslynAnalysisRunner static constructor.
RoslynAnalysisRunner will not be running.
RoslynAnalysisRunner has terminated.
Mono: successfully reloaded assembly
- Completed reload, in  1.098 seconds
Platform modules already initialized, skipping
Refreshing native plugins compatible for Editor in 0.43 ms, found 1 plugins.
Preloading 0 native plugins for Editor in 0.00 ms.
Unloading 1810 Unused Serialized files (Serialized files now loaded: 0)
System memory in use before: 90.4 MB.
System memory in use after: 90.5 MB.

Unloading 9 unused Assets to reduce memory usage. Loaded Objects now: 2551.
Total: 2.764500 ms (FindLiveObjects: 0.363200 ms CreateObjectMapping: 0.139100 ms MarkObjects: 2.013700 ms  DeleteObjects: 0.246900 ms)

========================================================================
Received Prepare
Refreshing native plugins compatible for Editor in 2.87 ms, found 1 plugins.
Preloading 0 native plugins for Editor in 0.00 ms.
Unloading 7 Unused Serialized files (Serialized files now loaded: 0)
System memory in use before: 54.8 MB.
System memory in use after: 54.9 MB.

Unloading 7 unused Assets to reduce memory usage. Loaded Objects now: 2551.
Total: 2.588100 ms (FindLiveObjects: 0.240500 ms CreateObjectMapping: 0.118500 ms MarkObjects: 2.142200 ms  DeleteObjects: 0.085400 ms)

========================================================================
Received Prepare
Refreshing native plugins compatible for Editor in 1.96 ms, found 1 plugins.
Preloading 0 native plugins for Editor in 0.00 ms.
Unloading 7 Unused Serialized files (Serialized files now loaded: 0)
System memory in use before: 54.8 MB.
System memory in use after: 54.9 MB.

Unloading 7 unused Assets to reduce memory usage. Loaded Objects now: 2551.
Total: 1.999100 ms (FindLiveObjects: 0.252600 ms CreateObjectMapping: 0.107000 ms MarkObjects: 1.561700 ms  DeleteObjects: 0.076400 ms)

========================================================================
Received Prepare
Refreshing native plugins compatible for Editor in 2.24 ms, found 1 plugins.
Preloading 0 native plugins for Editor in 0.00 ms.
Unloading 7 Unused Serialized files (Serialized files now loaded: 0)
System memory in use before: 54.8 MB.
System memory in use after: 54.9 MB.

Unloading 7 unused Assets to reduce memory usage. Loaded Objects now: 2551.
Total: 2.045900 ms (FindLiveObjects: 0.211000 ms CreateObjectMapping: 0.073600 ms MarkObjects: 1.682800 ms  DeleteObjects: 0.076800 ms)

AssetImportWorkerClient::OnTransportError - code=2 error=End of file
